RUN	asw.gatling.tests.LoadLanding		loadlanding	1491346189528	 	2.0
USER	LoadLanding	3	START	1491346194331	1491346194331
USER	LoadLanding	6	START	1491346194331	1491346194331
USER	LoadLanding	1	START	1491346194331	1491346194331
USER	LoadLanding	11	START	1491346194331	1491346194331
USER	LoadLanding	9	START	1491346194331	1491346194331
USER	LoadLanding	2	START	1491346194331	1491346194331
USER	LoadLanding	10	START	1491346194331	1491346194331
USER	LoadLanding	8	START	1491346194331	1491346194331
USER	LoadLanding	5	START	1491346194331	1491346194331
USER	LoadLanding	7	START	1491346194331	1491346194331
USER	LoadLanding	4	START	1491346194331	1491346194331
REQUEST	LoadLanding	1		request_0	1491346194361	1491346194411	OK	 
REQUEST	LoadLanding	11		request_0	1491346194362	1491346194393	OK	 
REQUEST	LoadLanding	10		request_0	1491346194362	1491346194417	OK	 
REQUEST	LoadLanding	6		request_0	1491346194362	1491346194392	OK	 
REQUEST	LoadLanding	7		request_0	1491346194362	1491346194434	OK	 
REQUEST	LoadLanding	9		request_0	1491346194361	1491346194455	OK	 
REQUEST	LoadLanding	5		request_0	1491346194362	1491346194456	OK	 
REQUEST	LoadLanding	8		request_0	1491346194361	1491346194455	OK	 
REQUEST	LoadLanding	2		request_0	1491346194361	1491346194483	OK	 
REQUEST	LoadLanding	4		request_0	1491346194361	1491346194486	OK	 
REQUEST	LoadLanding	3		request_0	1491346194362	1491346194486	OK	 
USER	LoadLanding	12	START	1491346194492	1491346194492
REQUEST	LoadLanding	12		request_0	1491346194492	1491346194499	OK	 
REQUEST	LoadLanding	2		request_1	1491346194767	1491346194786	OK	 
REQUEST	LoadLanding	11		request_1	1491346194764	1491346194788	OK	 
REQUEST	LoadLanding	5		request_1	1491346194767	1491346194800	OK	 
REQUEST	LoadLanding	9		request_1	1491346194761	1491346194800	OK	 
REQUEST	LoadLanding	12		request_1	1491346194767	1491346194800	OK	 
REQUEST	LoadLanding	4		request_1	1491346194767	1491346194801	OK	 
REQUEST	LoadLanding	1		request_1	1491346194768	1491346194801	OK	 
REQUEST	LoadLanding	11		request_2	1491346194768	1491346194806	OK	 
REQUEST	LoadLanding	10		request_1	1491346194768	1491346194807	OK	 
REQUEST	LoadLanding	7		request_3	1491346194772	1491346194809	OK	 
REQUEST	LoadLanding	7		request_1	1491346194763	1491346194810	OK	 
REQUEST	LoadLanding	6		request_1	1491346194766	1491346194811	OK	 
REQUEST	LoadLanding	7		request_2	1491346194772	1491346194811	OK	 
REQUEST	LoadLanding	8		request_1	1491346194762	1491346194812	OK	 
REQUEST	LoadLanding	3		request_3	1491346194771	1491346194812	OK	 
REQUEST	LoadLanding	1		request_3	1491346194772	1491346194814	OK	 
REQUEST	LoadLanding	9		request_3	1491346194769	1491346194823	OK	 
REQUEST	LoadLanding	11		request_3	1491346194769	1491346194825	OK	 
REQUEST	LoadLanding	4		request_3	1491346194783	1491346194829	OK	 
REQUEST	LoadLanding	10		request_2	1491346194771	1491346194844	OK	 
REQUEST	LoadLanding	3		request_2	1491346194770	1491346194845	OK	 
REQUEST	LoadLanding	6		request_3	1491346194774	1491346194847	OK	 
REQUEST	LoadLanding	1		request_2	1491346194772	1491346194850	OK	 
REQUEST	LoadLanding	12		request_3	1491346194773	1491346194850	OK	 
REQUEST	LoadLanding	3		request_1	1491346194765	1491346194858	OK	 
REQUEST	LoadLanding	5		request_3	1491346194772	1491346194859	OK	 
REQUEST	LoadLanding	8		request_2	1491346194772	1491346194870	OK	 
REQUEST	LoadLanding	6		request_2	1491346194773	1491346194871	OK	 
REQUEST	LoadLanding	9		request_2	1491346194769	1491346194875	OK	 
REQUEST	LoadLanding	12		request_2	1491346194773	1491346194875	OK	 
REQUEST	LoadLanding	4		request_2	1491346194775	1491346194875	OK	 
REQUEST	LoadLanding	2		request_3	1491346194776	1491346194882	OK	 
REQUEST	LoadLanding	2		request_2	1491346194774	1491346194883	OK	 
REQUEST	LoadLanding	10		request_3	1491346194772	1491346194888	OK	 
REQUEST	LoadLanding	5		request_2	1491346194771	1491346194888	OK	 
REQUEST	LoadLanding	8		request_3	1491346194772	1491346194892	OK	 
REQUEST	LoadLanding	9		jquery.min.js	1491346194510	1491346194982	OK	 
REQUEST	LoadLanding	10		jquery.min.js	1491346194507	1491346195002	OK	 
REQUEST	LoadLanding	3		jquery.min.js	1491346194509	1491346195004	OK	 
REQUEST	LoadLanding	7		jquery.min.js	1491346194509	1491346195006	OK	 
REQUEST	LoadLanding	1		jquery.min.js	1491346194507	1491346195007	OK	 
REQUEST	LoadLanding	11		jquery.min.js	1491346194509	1491346194993	OK	 
REQUEST	LoadLanding	5		jquery.min.js	1491346194508	1491346195011	OK	 
REQUEST	LoadLanding	12		jquery.min.js	1491346194507	1491346195015	OK	 
REQUEST	LoadLanding	6		jquery.min.js	1491346194508	1491346195018	OK	 
REQUEST	LoadLanding	8		jquery.min.js	1491346194506	1491346195020	OK	 
REQUEST	LoadLanding	2		jquery.min.js	1491346194507	1491346195025	OK	 
REQUEST	LoadLanding	4		jquery.min.js	1491346194509	1491346195029	OK	 
REQUEST	LoadLanding	10		jquery-latest.min.js	1491346194773	1491346195273	OK	 
REQUEST	LoadLanding	1		jquery-latest.min.js	1491346194772	1491346195280	OK	 
REQUEST	LoadLanding	6		jquery-latest.min.js	1491346194775	1491346195283	OK	 
REQUEST	LoadLanding	10		tether.min.js	1491346195117	1491346195276	OK	 
REQUEST	LoadLanding	6		tether.min.js	1491346195117	1491346195294	OK	 
REQUEST	LoadLanding	12		tether.min.js	1491346195119	1491346195291	OK	 
REQUEST	LoadLanding	9		tether.min.js	1491346195121	1491346195290	OK	 
REQUEST	LoadLanding	11		tether.min.js	1491346195119	1491346195276	OK	 
REQUEST	LoadLanding	2		jquery-latest.min.js	1491346194781	1491346195299	OK	 
REQUEST	LoadLanding	5		tether.min.js	1491346195119	1491346195299	OK	 
REQUEST	LoadLanding	4		tether.min.js	1491346195118	1491346195268	OK	 
REQUEST	LoadLanding	11		jquery-latest.min.js	1491346194769	1491346195302	OK	 
REQUEST	LoadLanding	2		tether.min.js	1491346195117	1491346195304	OK	 
REQUEST	LoadLanding	1		tether.min.js	1491346195120	1491346195302	OK	 
REQUEST	LoadLanding	8		jquery-latest.min.js	1491346194772	1491346195306	OK	 
REQUEST	LoadLanding	7		jquery-latest.min.js	1491346194773	1491346195307	OK	 
REQUEST	LoadLanding	7		tether.min.js	1491346195118	1491346195308	OK	 
REQUEST	LoadLanding	8		tether.min.js	1491346195121	1491346195308	OK	 
REQUEST	LoadLanding	4		jquery-latest.min.js	1491346194784	1491346195316	OK	 
REQUEST	LoadLanding	12		jquery-latest.min.js	1491346194773	1491346195316	OK	 
REQUEST	LoadLanding	5		jquery-latest.min.js	1491346194772	1491346195318	OK	 
REQUEST	LoadLanding	9		jquery-latest.min.js	1491346194773	1491346195321	OK	 
REQUEST	LoadLanding	3		jquery-latest.min.js	1491346194772	1491346195329	OK	 
REQUEST	LoadLanding	3		tether.min.js	1491346195120	1491346195331	OK	 
REQUEST	LoadLanding	2		Chart.min.js	1491346195117	1491346195642	OK	 
REQUEST	LoadLanding	7		Chart.min.js	1491346195119	1491346195650	OK	 
REQUEST	LoadLanding	11		Chart.min.js	1491346195121	1491346195660	OK	 
USER	LoadLanding	14	START	1491346195662	1491346195662
USER	LoadLanding	13	START	1491346195660	1491346195660
USER	LoadLanding	16	START	1491346195663	1491346195663
USER	LoadLanding	17	START	1491346195663	1491346195663
USER	LoadLanding	18	START	1491346195663	1491346195663
REQUEST	LoadLanding	6		Chart.min.js	1491346195120	1491346195665	OK	 
USER	LoadLanding	21	START	1491346195665	1491346195665
USER	LoadLanding	22	START	1491346195666	1491346195666
USER	LoadLanding	20	START	1491346195666	1491346195666
USER	LoadLanding	19	START	1491346195664	1491346195664
USER	LoadLanding	15	START	1491346195663	1491346195663
REQUEST	LoadLanding	13		request_0	1491346195660	1491346195676	OK	 
REQUEST	LoadLanding	14		request_0	1491346195662	1491346195678	OK	 
REQUEST	LoadLanding	3		Chart.min.js	1491346195121	1491346195685	OK	 
REQUEST	LoadLanding	9		Chart.min.js	1491346195121	1491346195688	OK	 
REQUEST	LoadLanding	17		request_0	1491346195663	1491346195723	OK	 
REQUEST	LoadLanding	16		request_0	1491346195663	1491346195747	OK	 
REQUEST	LoadLanding	18		request_0	1491346195664	1491346195747	OK	 
REQUEST	LoadLanding	21		request_0	1491346195665	1491346195753	OK	 
REQUEST	LoadLanding	14		request_2	1491346195704	1491346195754	OK	 
REQUEST	LoadLanding	22		request_0	1491346195666	1491346195754	OK	 
REQUEST	LoadLanding	16		request_2	1491346195759	1491346195767	OK	 
REQUEST	LoadLanding	13		request_1	1491346195690	1491346195769	OK	 
REQUEST	LoadLanding	19		request_0	1491346195664	1491346195783	OK	 
REQUEST	LoadLanding	15		request_0	1491346195671	1491346195788	OK	 
REQUEST	LoadLanding	13		request_3	1491346195698	1491346195794	OK	 
REQUEST	LoadLanding	14		request_1	1491346195701	1491346195804	OK	 
REQUEST	LoadLanding	5		Chart.js	1491346195386	1491346195807	OK	 
REQUEST	LoadLanding	17		request_2	1491346195727	1491346195810	OK	 
REQUEST	LoadLanding	16		request_1	1491346195751	1491346195810	OK	 
REQUEST	LoadLanding	13		request_2	1491346195693	1491346195811	OK	 
REQUEST	LoadLanding	22		request_1	1491346195762	1491346195811	OK	 
REQUEST	LoadLanding	22		request_2	1491346195772	1491346195812	OK	 
REQUEST	LoadLanding	21		request_3	1491346195774	1491346195813	OK	 
REQUEST	LoadLanding	18		request_1	1491346195767	1491346195814	OK	 
REQUEST	LoadLanding	19		request_1	1491346195794	1491346195816	OK	 
REQUEST	LoadLanding	18		request_2	1491346195778	1491346195816	OK	 
REQUEST	LoadLanding	15		request_2	1491346195801	1491346195816	OK	 
REQUEST	LoadLanding	19		request_2	1491346195795	1491346195817	OK	 
REQUEST	LoadLanding	20		request_0	1491346195667	1491346195819	OK	 
REQUEST	LoadLanding	16		request_3	1491346195759	1491346195833	OK	 
REQUEST	LoadLanding	21		request_1	1491346195768	1491346195836	OK	 
REQUEST	LoadLanding	10		Chart.min.js	1491346195118	1491346195845	OK	 
USER	LoadLanding	23	START	1491346195849	1491346195849
REQUEST	LoadLanding	15		request_1	1491346195800	1491346195852	OK	 
REQUEST	LoadLanding	20		request_1	1491346195824	1491346195858	OK	 
REQUEST	LoadLanding	23		request_0	1491346195849	1491346195858	OK	 
REQUEST	LoadLanding	20		request_2	1491346195834	1491346195861	OK	 
REQUEST	LoadLanding	22		request_3	1491346195775	1491346195866	OK	 
REQUEST	LoadLanding	19		request_3	1491346195797	1491346195867	OK	 
REQUEST	LoadLanding	17		request_3	1491346195728	1491346195867	OK	 
REQUEST	LoadLanding	15		request_3	1491346195801	1491346195867	OK	 
REQUEST	LoadLanding	18		request_3	1491346195779	1491346195866	OK	 
REQUEST	LoadLanding	17		request_1	1491346195727	1491346195867	OK	 
REQUEST	LoadLanding	20		request_3	1491346195834	1491346195868	OK	 
REQUEST	LoadLanding	23		request_2	1491346195868	1491346195872	OK	 
REQUEST	LoadLanding	23		request_3	1491346195868	1491346195875	OK	 
REQUEST	LoadLanding	21		request_2	1491346195773	1491346195877	OK	 
REQUEST	LoadLanding	23		request_1	1491346195863	1491346195877	OK	 
REQUEST	LoadLanding	14		request_3	1491346195705	1491346195884	OK	 
REQUEST	LoadLanding	19		tether.min.js	1491346195799	1491346195917	OK	 
REQUEST	LoadLanding	20		tether.min.js	1491346195845	1491346195972	OK	 
REQUEST	LoadLanding	15		tether.min.js	1491346195802	1491346195975	OK	 
REQUEST	LoadLanding	19		jquery-latest.min.js	1491346195798	1491346195986	OK	 
USER	LoadLanding	24	START	1491346195994	1491346195994
REQUEST	LoadLanding	15		jquery-latest.min.js	1491346195802	1491346195999	OK	 
REQUEST	LoadLanding	24		request_0	1491346195994	1491346196002	OK	 
REQUEST	LoadLanding	4		bootstrap.min.css	1491346195391	1491346196023	OK	 
REQUEST	LoadLanding	19		Chart.min.js	1491346195799	1491346196034	OK	 
REQUEST	LoadLanding	24		request_1	1491346196009	1491346196040	OK	 
REQUEST	LoadLanding	19		jquery.min.js	1491346195793	1491346196041	OK	 
REQUEST	LoadLanding	24		request_3	1491346196034	1491346196044	OK	 
REQUEST	LoadLanding	24		request_2	1491346196029	1491346196045	OK	 
REQUEST	LoadLanding	4		Chart.min.js	1491346195118	1491346196057	OK	 
REQUEST	LoadLanding	5		Chart.min.js	1491346195121	1491346196063	OK	 
REQUEST	LoadLanding	12		Chart.min.js	1491346195119	1491346196066	OK	 
REQUEST	LoadLanding	19		bootstrap.min.css	1491346195800	1491346196077	OK	 
REQUEST	LoadLanding	19		bootstrap.min.js	1491346195800	1491346196083	OK	 
REQUEST	LoadLanding	15		bootstrap.min.js	1491346195805	1491346196085	OK	 
REQUEST	LoadLanding	18		bootstrap.min.js	1491346195781	1491346196120	OK	 
REQUEST	LoadLanding	3		Chart.js	1491346195388	1491346196134	OK	 
USER	LoadLanding	25	START	1491346196142	1491346196142
REQUEST	LoadLanding	11		Chart.js	1491346195386	1491346196148	OK	 
REQUEST	LoadLanding	25		request_0	1491346196142	1491346196151	OK	 
REQUEST	LoadLanding	25		request_2	1491346196166	1491346196174	OK	 
REQUEST	LoadLanding	25		request_1	1491346196153	1491346196183	OK	 
REQUEST	LoadLanding	25		request_3	1491346196166	1491346196184	OK	 
REQUEST	LoadLanding	13		tether.min.js	1491346195701	1491346196208	OK	 
REQUEST	LoadLanding	23		bootstrap.min.js	1491346195874	1491346196240	OK	 
REQUEST	LoadLanding	13		Chart.min.js	1491346195701	1491346196247	OK	 
REQUEST	LoadLanding	21		bootstrap.min.js	1491346195792	1491346196250	OK	 
USER	LoadLanding	26	START	1491346196212	1491346196212
REQUEST	LoadLanding	9		Chart.js	1491346195387	1491346196254	OK	 
REQUEST	LoadLanding	24		tether.min.js	1491346196037	1491346196255	OK	 
REQUEST	LoadLanding	23		Chart.min.js	1491346195870	1491346196249	OK	 
REQUEST	LoadLanding	23		jquery.min.js	1491346195863	1491346196272	OK	 
REQUEST	LoadLanding	20		Chart.js	1491346195847	1491346196273	OK	 
REQUEST	LoadLanding	26		request_0	1491346196212	1491346196279	OK	 
REQUEST	LoadLanding	23		Chart.js	1491346195871	1491346196280	OK	 
REQUEST	LoadLanding	15		Chart.js	1491346195804	1491346196282	OK	 
REQUEST	LoadLanding	2		Chart.js	1491346195386	1491346196283	OK	 
REQUEST	LoadLanding	26		request_1	1491346196283	1491346196300	OK	 
REQUEST	LoadLanding	4		bootstrap.min.js	1491346195664	1491346196303	OK	 
REQUEST	LoadLanding	26		request_3	1491346196294	1491346196305	OK	 
REQUEST	LoadLanding	21		jquery.min.js	1491346195767	1491346196316	OK	 
REQUEST	LoadLanding	26		request_2	1491346196294	1491346196316	OK	 
REQUEST	LoadLanding	24		bootstrap.min.js	1491346196039	1491346196322	OK	 
REQUEST	LoadLanding	16		jquery.min.js	1491346195750	1491346196336	OK	 
USER	LoadLanding	27	START	1491346196343	1491346196343
REQUEST	LoadLanding	25		tether.min.js	1491346196169	1491346196349	OK	 
REQUEST	LoadLanding	1		bootstrap.min.js	1491346195661	1491346196351	OK	 
REQUEST	LoadLanding	27		request_0	1491346196344	1491346196354	OK	 
REQUEST	LoadLanding	20		Chart.min.js	1491346195846	1491346196360	OK	 
REQUEST	LoadLanding	4		Chart.js	1491346195390	1491346196362	OK	 
REQUEST	LoadLanding	24		bootstrap.min.css	1491346196038	1491346196369	OK	 
REQUEST	LoadLanding	20		bootstrap.min.css	1491346195848	1491346196375	OK	 
REQUEST	LoadLanding	2		bootstrap.min.js	1491346195695	1491346196377	OK	 
REQUEST	LoadLanding	23		tether.min.js	1491346195870	1491346196380	OK	 
REQUEST	LoadLanding	18		bootstrap.min.css	1491346195781	1491346196382	OK	 
REQUEST	LoadLanding	20		bootstrap.min.js	1491346195848	1491346196389	OK	 
REQUEST	LoadLanding	21		bootstrap.min.css	1491346195791	1491346196392	OK	 
REQUEST	LoadLanding	22		jquery.min.js	1491346195761	1491346196394	OK	 
REQUEST	LoadLanding	23		jquery-latest.min.js	1491346195868	1491346196402	OK	 
REQUEST	LoadLanding	26		tether.min.js	1491346196295	1491346196404	OK	 
REQUEST	LoadLanding	1		Chart.js	1491346195389	1491346196406	OK	 
REQUEST	LoadLanding	15		jquery.min.js	1491346195795	1491346196406	OK	 
REQUEST	LoadLanding	25		jquery.min.js	1491346196153	1491346196428	OK	 
REQUEST	LoadLanding	8		Chart.min.js	1491346195121	1491346196429	OK	 
REQUEST	LoadLanding	27		request_1	1491346196396	1491346196433	OK	 
REQUEST	LoadLanding	12		Chart.js	1491346195388	1491346196434	OK	 
REQUEST	LoadLanding	7		bootstrap.min.css	1491346195391	1491346196435	OK	 
REQUEST	LoadLanding	25		Chart.min.js	1491346196170	1491346196439	OK	 
REQUEST	LoadLanding	24		Chart.min.js	1491346196038	1491346196443	OK	 
REQUEST	LoadLanding	19		Chart.js	1491346195799	1491346196454	OK	 
REQUEST	LoadLanding	26		Chart.min.js	1491346196296	1491346196455	OK	 
REQUEST	LoadLanding	27		request_2	1491346196409	1491346196461	OK	 
REQUEST	LoadLanding	26		jquery-latest.min.js	1491346196295	1491346196461	OK	 
REQUEST	LoadLanding	8		Chart.js	1491346195386	1491346196475	OK	 
REQUEST	LoadLanding	7		bootstrap.min.js	1491346195658	1491346196475	OK	 
REQUEST	LoadLanding	13		Chart.js	1491346195701	1491346196480	OK	 
REQUEST	LoadLanding	26		Chart.js	1491346196304	1491346196483	OK	 
REQUEST	LoadLanding	24		jquery.min.js	1491346196006	1491346196499	OK	 
REQUEST	LoadLanding	1		Chart.min.js	1491346195120	1491346196502	OK	 
REQUEST	LoadLanding	27		request_3	1491346196409	1491346196505	OK	 
REQUEST	LoadLanding	25		bootstrap.min.css	1491346196171	1491346196507	OK	 
REQUEST	LoadLanding	15		bootstrap.min.css	1491346195805	1491346196516	OK	 
USER	LoadLanding	28	START	1491346196517	1491346196517
REQUEST	LoadLanding	28		request_0	1491346196517	1491346196524	OK	 
REQUEST	LoadLanding	24		jquery-latest.min.js	1491346196036	1491346196525	OK	 
REQUEST	LoadLanding	5		bootstrap.min.css	1491346195387	1491346196526	OK	 
REQUEST	LoadLanding	26		bootstrap.min.js	1491346196307	1491346196528	OK	 
REQUEST	LoadLanding	14		Chart.js	1491346195709	1491346196529	OK	 
REQUEST	LoadLanding	27		jquery.min.js	1491346196387	1491346196544	OK	 
REQUEST	LoadLanding	28		request_2	1491346196545	1491346196553	OK	 
REQUEST	LoadLanding	28		request_3	1491346196546	1491346196555	OK	 
REQUEST	LoadLanding	28		request_1	1491346196531	1491346196558	OK	 
REQUEST	LoadLanding	10		Chart.js	1491346195390	1491346196562	OK	 
REQUEST	LoadLanding	7		Chart.js	1491346195391	1491346196562	OK	 
REQUEST	LoadLanding	2		bootstrap.min.css	1491346195387	1491346196566	OK	 
REQUEST	LoadLanding	6		bootstrap.min.js	1491346195662	1491346196576	OK	 
REQUEST	LoadLanding	27		tether.min.js	1491346196489	1491346196580	OK	 
REQUEST	LoadLanding	27		Chart.min.js	1491346196490	1491346196603	OK	 
REQUEST	LoadLanding	26		bootstrap.min.css	1491346196305	1491346196607	OK	 
USER	LoadLanding	29	START	1491346196612	1491346196612
REQUEST	LoadLanding	29		request_0	1491346196613	1491346196617	OK	 
REQUEST	LoadLanding	29		request_1	1491346196619	1491346196626	OK	 
REQUEST	LoadLanding	29		request_2	1491346196620	1491346196626	OK	 
REQUEST	LoadLanding	29		request_3	1491346196620	1491346196626	OK	 
REQUEST	LoadLanding	27		Chart.js	1491346196490	1491346196629	OK	 
REQUEST	LoadLanding	15		Chart.min.js	1491346195804	1491346196639	OK	 
REQUEST	LoadLanding	27		jquery-latest.min.js	1491346196488	1491346196639	OK	 
REQUEST	LoadLanding	28		tether.min.js	1491346196548	1491346196642	OK	 
REQUEST	LoadLanding	25		jquery-latest.min.js	1491346196167	1491346196645	OK	 
REQUEST	LoadLanding	18		jquery.min.js	1491346195767	1491346196672	OK	 
REQUEST	LoadLanding	28		jquery.min.js	1491346196531	1491346196674	OK	 
REQUEST	LoadLanding	28		Chart.min.js	1491346196549	1491346196687	OK	 
REQUEST	LoadLanding	6		Chart.js	1491346195390	1491346196689	OK	 
REQUEST	LoadLanding	25		bootstrap.min.js	1491346196171	1491346196690	OK	 
REQUEST	LoadLanding	28		jquery-latest.min.js	1491346196547	1491346196704	OK	 
REQUEST	LoadLanding	28		Chart.js	1491346196549	1491346196707	OK	 
REQUEST	LoadLanding	14		jquery.min.js	1491346195696	1491346196712	OK	 
REQUEST	LoadLanding	27		bootstrap.min.js	1491346196491	1491346196716	OK	 
REQUEST	LoadLanding	29		tether.min.js	1491346196622	1491346196721	OK	 
USER	LoadLanding	30	START	1491346196720	1491346196720
REQUEST	LoadLanding	30		request_0	1491346196720	1491346196725	OK	 
REQUEST	LoadLanding	27		bootstrap.min.css	1491346196491	1491346196737	OK	 
REQUEST	LoadLanding	23		bootstrap.min.css	1491346195873	1491346196738	OK	 
REQUEST	LoadLanding	30		request_1	1491346196728	1491346196747	OK	 
REQUEST	LoadLanding	30		request_2	1491346196740	1491346196749	OK	 
REQUEST	LoadLanding	30		request_3	1491346196741	1491346196750	OK	 
USER	LoadLanding	31	START	1491346196759	1491346196759
REQUEST	LoadLanding	13		jquery.min.js	1491346195689	1491346196759	OK	 
REQUEST	LoadLanding	31		request_0	1491346196759	1491346196766	OK	 
REQUEST	LoadLanding	31		request_2	1491346196770	1491346196779	OK	 
REQUEST	LoadLanding	31		request_1	1491346196769	1491346196781	OK	 
REQUEST	LoadLanding	31		request_3	1491346196771	1491346196782	OK	 
REQUEST	LoadLanding	29		Chart.min.js	1491346196622	1491346196801	OK	 
REQUEST	LoadLanding	28		bootstrap.min.js	1491346196549	1491346196803	OK	 
REQUEST	LoadLanding	14		tether.min.js	1491346195707	1491346196807	OK	 
REQUEST	LoadLanding	28		bootstrap.min.css	1491346196549	1491346196831	OK	 
REQUEST	LoadLanding	29		jquery.min.js	1491346196619	1491346196847	OK	 
USER	LoadLanding	32	START	1491346196856	1491346196856
REQUEST	LoadLanding	32		request_0	1491346196856	1491346196862	OK	 
REQUEST	LoadLanding	32		request_1	1491346196865	1491346196874	OK	 
REQUEST	LoadLanding	32		request_2	1491346196866	1491346196875	OK	 
REQUEST	LoadLanding	32		request_3	1491346196866	1491346196876	OK	 
REQUEST	LoadLanding	25		Chart.js	1491346196171	1491346196885	OK	 
REQUEST	LoadLanding	31		tether.min.js	1491346196773	1491346196917	OK	 
REQUEST	LoadLanding	17		tether.min.js	1491346195729	1491346196920	OK	 
REQUEST	LoadLanding	30		tether.min.js	1491346196742	1491346196932	OK	 
REQUEST	LoadLanding	16		tether.min.js	1491346195760	1491346196934	OK	 
REQUEST	LoadLanding	30		jquery-latest.min.js	1491346196741	1491346196964	OK	 
REQUEST	LoadLanding	22		tether.min.js	1491346195777	1491346196965	OK	 
REQUEST	LoadLanding	14		Chart.min.js	1491346195709	1491346196968	OK	 
USER	LoadLanding	33	START	1491346196987	1491346196987
REQUEST	LoadLanding	33		request_0	1491346196987	1491346196992	OK	 
REQUEST	LoadLanding	29		Chart.js	1491346196622	1491346196995	OK	 
REQUEST	LoadLanding	30		jquery.min.js	1491346196727	1491346197026	OK	 
REQUEST	LoadLanding	30		Chart.min.js	1491346196742	1491346197105	OK	 
USER	LoadLanding	34	START	1491346197107	1491346197107
REQUEST	LoadLanding	29		jquery-latest.min.js	1491346196621	1491346197108	OK	 
REQUEST	LoadLanding	16		Chart.min.js	1491346195761	1491346197130	OK	 
REQUEST	LoadLanding	33		request_1	1491346196997	1491346197131	OK	 
REQUEST	LoadLanding	33		request_3	1491346197113	1491346197134	OK	 
REQUEST	LoadLanding	33		request_2	1491346197113	1491346197137	OK	 
REQUEST	LoadLanding	34		request_0	1491346197107	1491346197139	OK	 
REQUEST	LoadLanding	34		request_1	1491346197141	1491346197148	OK	 
REQUEST	LoadLanding	34		request_3	1491346197142	1491346197150	OK	 
REQUEST	LoadLanding	34		request_2	1491346197142	1491346197151	OK	 
REQUEST	LoadLanding	32		tether.min.js	1491346196869	1491346197188	OK	 
REQUEST	LoadLanding	31		jquery-latest.min.js	1491346196772	1491346197201	OK	 
REQUEST	LoadLanding	32		jquery-latest.min.js	1491346196869	1491346197219	OK	 
USER	LoadLanding	35	START	1491346197232	1491346197232
REQUEST	LoadLanding	35		request_0	1491346197232	1491346197237	OK	 
REQUEST	LoadLanding	30		Chart.js	1491346196759	1491346197249	OK	 
REQUEST	LoadLanding	29		bootstrap.min.css	1491346196623	1491346197251	OK	 
REQUEST	LoadLanding	35		request_2	1491346197240	1491346197253	OK	 
REQUEST	LoadLanding	13		jquery-latest.min.js	1491346195699	1491346197254	OK	 
REQUEST	LoadLanding	35		request_1	1491346197240	1491346197255	OK	 
REQUEST	LoadLanding	22		Chart.min.js	1491346195778	1491346197256	OK	 
REQUEST	LoadLanding	31		Chart.min.js	1491346196773	1491346197256	OK	 
REQUEST	LoadLanding	35		request_3	1491346197241	1491346197259	OK	 
REQUEST	LoadLanding	22		Chart.js	1491346195778	1491346197291	OK	 
REQUEST	LoadLanding	16		Chart.js	1491346195761	1491346197295	OK	 
REQUEST	LoadLanding	21		Chart.min.js	1491346195787	1491346197312	OK	 
REQUEST	LoadLanding	31		Chart.js	1491346196774	1491346197312	OK	 
REQUEST	LoadLanding	31		jquery.min.js	1491346196769	1491346197318	OK	 
REQUEST	LoadLanding	18		Chart.js	1491346195781	1491346197330	OK	 
REQUEST	LoadLanding	17		Chart.min.js	1491346195730	1491346197331	OK	 
REQUEST	LoadLanding	17		Chart.js	1491346195731	1491346197336	OK	 
USER	LoadLanding	36	START	1491346197351	1491346197351
REQUEST	LoadLanding	36		request_0	1491346197352	1491346197356	OK	 
REQUEST	LoadLanding	36		request_1	1491346197359	1491346197368	OK	 
REQUEST	LoadLanding	36		request_2	1491346197359	1491346197371	OK	 
REQUEST	LoadLanding	36		request_3	1491346197367	1491346197374	OK	 
REQUEST	LoadLanding	10		bootstrap.min.js	1491346195662	1491346197392	OK	 
REQUEST	LoadLanding	21		jquery-latest.min.js	1491346195775	1491346197399	OK	 
REQUEST	LoadLanding	30		bootstrap.min.js	1491346196760	1491346197422	OK	 
REQUEST	LoadLanding	21		Chart.js	1491346195791	1491346197425	OK	 
REQUEST	LoadLanding	10		bootstrap.min.css	1491346195390	1491346197438	OK	 
REQUEST	LoadLanding	32		Chart.min.js	1491346196869	1491346197462	OK	 
REQUEST	LoadLanding	22		jquery-latest.min.js	1491346195776	1491346197466	OK	 
USER	LoadLanding	37	START	1491346197470	1491346197470
REQUEST	LoadLanding	16		jquery-latest.min.js	1491346195760	1491346197472	OK	 
REQUEST	LoadLanding	37		request_0	1491346197470	1491346197474	OK	 
REQUEST	LoadLanding	1		bootstrap.min.css	1491346195391	1491346197477	OK	 
REQUEST	LoadLanding	37		request_1	1491346197476	1491346197480	OK	 
REQUEST	LoadLanding	37		request_3	1491346197477	1491346197483	OK	 
REQUEST	LoadLanding	37		request_2	1491346197477	1491346197483	OK	 
REQUEST	LoadLanding	13		bootstrap.min.css	1491346195703	1491346197519	OK	 
REQUEST	LoadLanding	13		bootstrap.min.js	1491346195703	1491346197522	OK	 
REQUEST	LoadLanding	14		bootstrap.min.js	1491346195711	1491346197539	OK	 
REQUEST	LoadLanding	33		tether.min.js	1491346197115	1491346197540	OK	 
USER	LoadLanding	38	START	1491346197551	1491346197551
REQUEST	LoadLanding	38		request_0	1491346197551	1491346197556	OK	 
REQUEST	LoadLanding	34		tether.min.js	1491346197144	1491346197566	OK	 
REQUEST	LoadLanding	18		jquery-latest.min.js	1491346195779	1491346197570	OK	 
REQUEST	LoadLanding	29		bootstrap.min.js	1491346196623	1491346197574	OK	 
REQUEST	LoadLanding	33		jquery-latest.min.js	1491346197115	1491346197575	OK	 
REQUEST	LoadLanding	36		tether.min.js	1491346197368	1491346197578	OK	 
REQUEST	LoadLanding	38		request_1	1491346197561	1491346197581	OK	 
REQUEST	LoadLanding	38		request_2	1491346197563	1491346197583	OK	 
REQUEST	LoadLanding	38		request_3	1491346197563	1491346197585	OK	 
REQUEST	LoadLanding	8		bootstrap.min.js	1491346195670	1491346197593	OK	 
REQUEST	LoadLanding	9		bootstrap.min.js	1491346195695	1491346197595	OK	 
REQUEST	LoadLanding	22		bootstrap.min.js	1491346195779	1491346197596	OK	 
REQUEST	LoadLanding	17		bootstrap.min.js	1491346195731	1491346197600	OK	 
REQUEST	LoadLanding	32		bootstrap.min.js	1491346196870	1491346197616	OK	 
REQUEST	LoadLanding	30		bootstrap.min.css	1491346196760	1491346197617	OK	 
REQUEST	LoadLanding	36		Chart.min.js	1491346197370	1491346197618	OK	 
REQUEST	LoadLanding	35		tether.min.js	1491346197243	1491346197634	OK	 
REQUEST	LoadLanding	34		jquery-latest.min.js	1491346197143	1491346197655	OK	 
USER	LoadLanding	39	START	1491346197660	1491346197660
REQUEST	LoadLanding	39		request_0	1491346197660	1491346197664	OK	 
REQUEST	LoadLanding	39		request_1	1491346197666	1491346197672	OK	 
REQUEST	LoadLanding	39		request_2	1491346197667	1491346197674	OK	 
REQUEST	LoadLanding	39		request_3	1491346197667	1491346197675	OK	 
REQUEST	LoadLanding	32		jquery.min.js	1491346196865	1491346197688	OK	 
REQUEST	LoadLanding	34		bootstrap.min.js	1491346197149	1491346197691	OK	 
REQUEST	LoadLanding	35		jquery-latest.min.js	1491346197242	1491346197695	OK	 
REQUEST	LoadLanding	35		bootstrap.min.js	1491346197260	1491346197716	OK	 
REQUEST	LoadLanding	16		bootstrap.min.css	1491346195761	1491346197754	OK	 
REQUEST	LoadLanding	36		bootstrap.min.css	1491346197370	1491346197757	OK	 
REQUEST	LoadLanding	34		bootstrap.min.css	1491346197146	1491346197772	OK	 
REQUEST	LoadLanding	33		jquery.min.js	1491346196996	1491346197774	OK	 
USER	LoadLanding	40	START	1491346197776	1491346197776
REQUEST	LoadLanding	40		request_0	1491346197776	1491346197780	OK	 
REQUEST	LoadLanding	40		request_1	1491346197783	1491346197790	OK	 
REQUEST	LoadLanding	40		request_3	1491346197784	1491346197794	OK	 
REQUEST	LoadLanding	40		request_2	1491346197783	1491346197794	OK	 
REQUEST	LoadLanding	34		Chart.min.js	1491346197144	1491346197812	OK	 
REQUEST	LoadLanding	35		bootstrap.min.css	1491346197250	1491346197812	OK	 
REQUEST	LoadLanding	31		bootstrap.min.js	1491346196774	1491346197814	OK	 
REQUEST	LoadLanding	33		Chart.min.js	1491346197116	1491346197815	OK	 
REQUEST	LoadLanding	22		bootstrap.min.css	1491346195778	1491346197815	OK	 
REQUEST	LoadLanding	36		jquery-latest.min.js	1491346197367	1491346197851	OK	 
REQUEST	LoadLanding	33		bootstrap.min.js	1491346197118	1491346197854	OK	 
REQUEST	LoadLanding	34		Chart.js	1491346197144	1491346197860	OK	 
REQUEST	LoadLanding	37		tether.min.js	1491346197478	1491346197860	OK	 
REQUEST	LoadLanding	34		jquery.min.js	1491346197141	1491346197865	OK	 
REQUEST	LoadLanding	33		Chart.js	1491346197117	1491346197865	OK	 
REQUEST	LoadLanding	32		bootstrap.min.css	1491346196870	1491346197874	OK	 
USER	LoadLanding	41	START	1491346197879	1491346197879
REQUEST	LoadLanding	41		request_0	1491346197879	1491346197883	OK	 
REQUEST	LoadLanding	41		request_1	1491346197885	1491346197892	OK	 
REQUEST	LoadLanding	41		request_2	1491346197886	1491346197895	OK	 
REQUEST	LoadLanding	41		request_3	1491346197886	1491346197895	OK	 
REQUEST	LoadLanding	9		bootstrap.min.css	1491346195388	1491346197908	OK	 
REQUEST	LoadLanding	33		bootstrap.min.css	1491346197117	1491346197913	OK	 
REQUEST	LoadLanding	37		jquery-latest.min.js	1491346197478	1491346197919	OK	 
REQUEST	LoadLanding	5		bootstrap.min.js	1491346195659	1491346197922	OK	 
REQUEST	LoadLanding	35		Chart.min.js	1491346197243	1491346197941	OK	 
REQUEST	LoadLanding	14		bootstrap.min.css	1491346195710	1491346197944	OK	 
REQUEST	LoadLanding	37		bootstrap.min.js	1491346197480	1491346197949	OK	 
REQUEST	LoadLanding	31		bootstrap.min.css	1491346196774	1491346197952	OK	 
REQUEST	LoadLanding	36		bootstrap.min.js	1491346197371	1491346197964	OK	 
REQUEST	LoadLanding	38		tether.min.js	1491346197567	1491346197965	OK	 
REQUEST	LoadLanding	36		jquery.min.js	1491346197358	1491346197971	OK	 
REQUEST	LoadLanding	6		bootstrap.min.css	1491346195390	1491346197985	OK	 
USER	LoadLanding	42	START	1491346197992	1491346197992
REQUEST	LoadLanding	42		request_0	1491346197993	1491346197997	OK	 
REQUEST	LoadLanding	38		jquery-latest.min.js	1491346197564	1491346197997	OK	 
REQUEST	LoadLanding	42		request_1	1491346197999	1491346198005	OK	 
REQUEST	LoadLanding	42		request_3	1491346198000	1491346198005	OK	 
REQUEST	LoadLanding	42		request_2	1491346198000	1491346198007	OK	 
REQUEST	LoadLanding	38		bootstrap.min.js	1491346197571	1491346198025	OK	 
REQUEST	LoadLanding	36		Chart.js	1491346197370	1491346198035	OK	 
REQUEST	LoadLanding	39		tether.min.js	1491346197669	1491346198078	OK	 
REQUEST	LoadLanding	37		Chart.min.js	1491346197479	1491346198084	OK	 
REQUEST	LoadLanding	37		bootstrap.min.css	1491346197480	1491346198086	OK	 
REQUEST	LoadLanding	39		bootstrap.min.js	1491346197670	1491346198087	OK	 
REQUEST	LoadLanding	35		Chart.js	1491346197244	1491346198091	OK	 
USER	LoadLanding	43	START	1491346198101	1491346198101
REQUEST	LoadLanding	43		request_0	1491346198101	1491346198105	OK	 
REQUEST	LoadLanding	43		request_1	1491346198108	1491346198121	OK	 
REQUEST	LoadLanding	43		request_3	1491346198108	1491346198123	OK	 
REQUEST	LoadLanding	43		request_2	1491346198108	1491346198124	OK	 
REQUEST	LoadLanding	39		jquery-latest.min.js	1491346197668	1491346198154	OK	 
REQUEST	LoadLanding	37		jquery.min.js	1491346197476	1491346198160	OK	 
USER	LoadLanding	44	START	1491346198223	1491346198223
REQUEST	LoadLanding	24		Chart.js	1491346196038	1491346198234	OK	 
REQUEST	LoadLanding	37		Chart.js	1491346197479	1491346198235	OK	 
REQUEST	LoadLanding	44		request_0	1491346198223	1491346198236	OK	 
REQUEST	LoadLanding	40		tether.min.js	1491346197785	1491346198241	OK	 
REQUEST	LoadLanding	38		bootstrap.min.css	1491346197570	1491346198246	OK	 
REQUEST	LoadLanding	38		jquery.min.js	1491346197559	1491346198260	OK	 
REQUEST	LoadLanding	40		jquery-latest.min.js	1491346197784	1491346198263	OK	 
REQUEST	LoadLanding	44		request_1	1491346198249	1491346198269	OK	 
REQUEST	LoadLanding	44		request_2	1491346198251	1491346198272	OK	 
REQUEST	LoadLanding	44		request_3	1491346198251	1491346198273	OK	 
REQUEST	LoadLanding	38		Chart.js	1491346197569	1491346198321	OK	 
REQUEST	LoadLanding	41		tether.min.js	1491346197888	1491346198323	OK	 
REQUEST	LoadLanding	39		bootstrap.min.css	1491346197670	1491346198328	OK	 
REQUEST	LoadLanding	39		Chart.min.js	1491346197669	1491346198328	OK	 
REQUEST	LoadLanding	42		jquery.min.js	1491346197999	1491346198329	OK	 
USER	LoadLanding	45	START	1491346198329	1491346198329
REQUEST	LoadLanding	45		request_0	1491346198329	1491346198333	OK	 
REQUEST	LoadLanding	45		request_3	1491346198336	1491346198339	OK	 
REQUEST	LoadLanding	45		request_1	1491346198335	1491346198339	OK	 
REQUEST	LoadLanding	45		request_2	1491346198335	1491346198339	OK	 
REQUEST	LoadLanding	41		bootstrap.min.js	1491346197890	1491346198358	OK	 
REQUEST	LoadLanding	41		jquery-latest.min.js	1491346197887	1491346198388	OK	 
REQUEST	LoadLanding	38		Chart.min.js	1491346197568	1491346198389	OK	 
REQUEST	LoadLanding	39		jquery.min.js	1491346197666	1491346198426	OK	 
REQUEST	LoadLanding	42		Chart.js	1491346198003	1491346198431	OK	 
REQUEST	LoadLanding	40		Chart.min.js	1491346197785	1491346198446	OK	 
REQUEST	LoadLanding	42		tether.min.js	1491346198002	1491346198452	OK	 
REQUEST	LoadLanding	39		Chart.js	1491346197669	1491346198452	OK	 
USER	LoadLanding	46	START	1491346198466	1491346198466
REQUEST	LoadLanding	46		request_0	1491346198466	1491346198470	OK	 
REQUEST	LoadLanding	46		request_1	1491346198472	1491346198476	OK	 
REQUEST	LoadLanding	46		request_2	1491346198473	1491346198479	OK	 
REQUEST	LoadLanding	46		request_3	1491346198473	1491346198482	OK	 
REQUEST	LoadLanding	40		bootstrap.min.js	1491346197785	1491346198503	OK	 
REQUEST	LoadLanding	43		Chart.js	1491346198111	1491346198504	OK	 
REQUEST	LoadLanding	21		tether.min.js	1491346195782	1491346198506	OK	 
REQUEST	LoadLanding	42		jquery-latest.min.js	1491346198001	1491346198527	OK	 
REQUEST	LoadLanding	16		bootstrap.min.js	1491346195772	1491346198528	OK	 
REQUEST	LoadLanding	40		Chart.js	1491346197785	1491346198544	OK	 
REQUEST	LoadLanding	41		bootstrap.min.css	1491346197890	1491346198548	OK	 
REQUEST	LoadLanding	40		jquery.min.js	1491346197782	1491346198551	OK	 
REQUEST	LoadLanding	43		tether.min.js	1491346198109	1491346198552	OK	 
REQUEST	LoadLanding	41		Chart.min.js	1491346197889	1491346198568	OK	 
REQUEST	LoadLanding	17		bootstrap.min.css	1491346195731	1491346198570	OK	 
REQUEST	LoadLanding	41		jquery.min.js	1491346197885	1491346198578	OK	 
REQUEST	LoadLanding	19		request_4	1491346198573	1491346198585	OK	 
REQUEST	LoadLanding	4		request_4	1491346198577	1491346198591	OK	 
REQUEST	LoadLanding	41		Chart.js	1491346197890	1491346198599	OK	 
REQUEST	LoadLanding	18		tether.min.js	1491346195780	1491346198603	OK	 
REQUEST	LoadLanding	32		Chart.js	1491346196870	1491346198603	OK	 
REQUEST	LoadLanding	40		bootstrap.min.css	1491346197785	1491346198607	OK	 
REQUEST	LoadLanding	19		request_5	1491346198592	1491346198609	OK	 
REQUEST	LoadLanding	4		request_5	1491346198597	1491346198613	OK	 
REQUEST	LoadLanding	43		jquery-latest.min.js	1491346198108	1491346198623	OK	 
REQUEST	LoadLanding	44		tether.min.js	1491346198259	1491346198624	OK	 
REQUEST	LoadLanding	43		bootstrap.min.js	1491346198111	1491346198629	OK	 
REQUEST	LoadLanding	19		tether.min.js	1491346198593	1491346198634	OK	 
USER	LoadLanding	47	START	1491346198641	1491346198641
REQUEST	LoadLanding	2		request_4	1491346198642	1491346198646	OK	 
REQUEST	LoadLanding	42		bootstrap.min.js	1491346198005	1491346198649	OK	 
REQUEST	LoadLanding	44		jquery-latest.min.js	1491346198257	1491346198652	OK	 
REQUEST	LoadLanding	7		request_4	1491346198641	1491346198656	OK	 
REQUEST	LoadLanding	47		request_0	1491346198641	1491346198656	OK	 
REQUEST	LoadLanding	2		request_5	1491346198652	1491346198661	OK	 
REQUEST	LoadLanding	47		request_1	1491346198660	1491346198667	OK	 
REQUEST	LoadLanding	47		request_2	1491346198660	1491346198671	OK	 
REQUEST	LoadLanding	7		request_5	1491346198665	1491346198672	OK	 
REQUEST	LoadLanding	47		request_3	1491346198662	1491346198672	OK	 
REQUEST	LoadLanding	15		request_4	1491346198673	1491346198676	OK	 
REQUEST	LoadLanding	15		request_5	1491346198678	1491346198682	OK	 
REQUEST	LoadLanding	42		Chart.min.js	1491346198002	1491346198696	OK	 
REQUEST	LoadLanding	35		jquery.min.js	1491346197239	1491346198702	OK	 
USER	LoadLanding	48	START	1491346198711	1491346198711
REQUEST	LoadLanding	7		tether.min.js	1491346198665	1491346198714	OK	 
REQUEST	LoadLanding	48		request_0	1491346198711	1491346198716	OK	 
REQUEST	LoadLanding	45		tether.min.js	1491346198336	1491346198721	OK	 
REQUEST	LoadLanding	44		bootstrap.min.js	1491346198267	1491346198724	OK	 
REQUEST	LoadLanding	43		bootstrap.min.css	1491346198111	1491346198728	OK	 
REQUEST	LoadLanding	48		request_1	1491346198720	1491346198730	OK	 
REQUEST	LoadLanding	48		request_3	1491346198721	1491346198736	OK	 
REQUEST	LoadLanding	48		request_2	1491346198720	1491346198736	OK	 
REQUEST	LoadLanding	2		tether.min.js	1491346198652	1491346198743	OK	 
REQUEST	LoadLanding	45		bootstrap.min.js	1491346198338	1491346198754	OK	 
REQUEST	LoadLanding	17		jquery.min.js	1491346195726	1491346198757	OK	 
REQUEST	LoadLanding	27		request_4	1491346198759	1491346198762	OK	 
REQUEST	LoadLanding	23		request_4	1491346198759	1491346198762	OK	 
REQUEST	LoadLanding	43		Chart.min.js	1491346198110	1491346198765	OK	 
REQUEST	LoadLanding	27		request_5	1491346198766	1491346198769	OK	 
REQUEST	LoadLanding	23		request_5	1491346198766	1491346198769	OK	 
REQUEST	LoadLanding	4		tether.min.js	1491346198600	1491346198774	OK	 
REQUEST	LoadLanding	43		jquery.min.js	1491346198107	1491346198792	OK	 
REQUEST	LoadLanding	45		jquery-latest.min.js	1491346198336	1491346198792	OK	 
REQUEST	LoadLanding	42		bootstrap.min.css	1491346198004	1491346198794	OK	 
REQUEST	LoadLanding	27		tether.min.js	1491346198766	1491346198805	OK	 
REQUEST	LoadLanding	23		tether.min.js	1491346198766	1491346198814	OK	 
REQUEST	LoadLanding	15		tether.min.js	1491346198679	1491346198824	OK	 
REQUEST	LoadLanding	46		tether.min.js	1491346198474	1491346198824	OK	 
REQUEST	LoadLanding	18		Chart.min.js	1491346195780	1491346198830	OK	 
USER	LoadLanding	49	START	1491346198836	1491346198836
REQUEST	LoadLanding	49		request_0	1491346198836	1491346198839	OK	 
REQUEST	LoadLanding	49		request_1	1491346198842	1491346198847	OK	 
REQUEST	LoadLanding	49		request_3	1491346198842	1491346198847	OK	 
REQUEST	LoadLanding	49		request_2	1491346198842	1491346198850	OK	 
REQUEST	LoadLanding	28		request_4	1491346198852	1491346198855	OK	 
REQUEST	LoadLanding	28		request_5	1491346198856	1491346198861	OK	 
REQUEST	LoadLanding	44		bootstrap.min.css	1491346198265	1491346198867	OK	 
REQUEST	LoadLanding	46		jquery-latest.min.js	1491346198473	1491346198879	OK	 
REQUEST	LoadLanding	28		tether.min.js	1491346198857	1491346198890	OK	 
REQUEST	LoadLanding	45		bootstrap.min.css	1491346198338	1491346198898	OK	 
REQUEST	LoadLanding	44		jquery.min.js	1491346198248	1491346198901	OK	 
REQUEST	LoadLanding	44		Chart.js	1491346198261	1491346198903	OK	 
REQUEST	LoadLanding	44		Chart.min.js	1491346198260	1491346198904	OK	 
REQUEST	LoadLanding	45		Chart.min.js	1491346198337	1491346198916	OK	 
REQUEST	LoadLanding	45		jquery.min.js	1491346198335	1491346198926	OK	 
REQUEST	LoadLanding	45		Chart.js	1491346198337	1491346198963	OK	 
USER	LoadLanding	50	START	1491346198963	1491346198963
REQUEST	LoadLanding	47		tether.min.js	1491346198663	1491346198968	OK	 
REQUEST	LoadLanding	50		request_0	1491346198963	1491346198969	OK	 
REQUEST	LoadLanding	50		request_2	1491346198972	1491346198979	OK	 
REQUEST	LoadLanding	50		request_1	1491346198971	1491346198980	OK	 
REQUEST	LoadLanding	50		request_3	1491346198973	1491346198981	OK	 
REQUEST	LoadLanding	25		request_4	1491346198992	1491346198995	OK	 
REQUEST	LoadLanding	11		bootstrap.min.css	1491346195389	1491346198996	OK	 
REQUEST	LoadLanding	46		Chart.min.js	1491346198475	1491346198997	OK	 
REQUEST	LoadLanding	25		request_5	1491346198997	1491346199000	OK	 
REQUEST	LoadLanding	46		bootstrap.min.js	1491346198480	1491346199003	OK	 
REQUEST	LoadLanding	48		tether.min.js	1491346198723	1491346199010	OK	 
REQUEST	LoadLanding	17		jquery-latest.min.js	1491346195729	1491346199019	OK	 
REQUEST	LoadLanding	47		jquery-latest.min.js	1491346198662	1491346199033	OK	 
REQUEST	LoadLanding	46		jquery.min.js	1491346198472	1491346199037	OK	 
REQUEST	LoadLanding	8		bootstrap.min.css	1491346195389	1491346199057	OK	 
REQUEST	LoadLanding	48		jquery-latest.min.js	1491346198723	1491346199065	OK	 
REQUEST	LoadLanding	46		Chart.js	1491346198476	1491346199070	OK	 
USER	LoadLanding	51	START	1491346199083	1491346199083
REQUEST	LoadLanding	51		request_0	1491346199083	1491346199087	OK	 
REQUEST	LoadLanding	51		request_1	1491346199089	1491346199097	OK	 
REQUEST	LoadLanding	51		request_2	1491346199090	1491346199100	OK	 
REQUEST	LoadLanding	51		request_3	1491346199091	1491346199100	OK	 
REQUEST	LoadLanding	49		tether.min.js	1491346198843	1491346199118	OK	 
REQUEST	LoadLanding	25		tether.min.js	1491346198997	1491346199123	OK	 
REQUEST	LoadLanding	46		bootstrap.min.css	1491346198477	1491346199125	OK	 
REQUEST	LoadLanding	11		bootstrap.min.js	1491346195673	1491346199197	OK	 
REQUEST	LoadLanding	47		Chart.min.js	1491346198663	1491346199200	OK	 
REQUEST	LoadLanding	3		bootstrap.min.js	1491346195674	1491346199202	OK	 
USER	LoadLanding	52	START	1491346199218	1491346199218
REQUEST	LoadLanding	52		request_0	1491346199219	1491346199225	OK	 
REQUEST	LoadLanding	49		bootstrap.min.css	1491346198844	1491346199238	OK	 
REQUEST	LoadLanding	52		request_2	1491346199233	1491346199243	OK	 
REQUEST	LoadLanding	52		request_1	1491346199233	1491346199245	OK	 
REQUEST	LoadLanding	52		request_3	1491346199234	1491346199246	OK	 
REQUEST	LoadLanding	47		bootstrap.min.js	1491346198664	1491346199251	OK	 
REQUEST	LoadLanding	47		jquery.min.js	1491346198659	1491346199255	OK	 
REQUEST	LoadLanding	49		jquery-latest.min.js	1491346198843	1491346199270	OK	 
REQUEST	LoadLanding	20		jquery-latest.min.js	1491346195836	1491346199273	OK	 
REQUEST	LoadLanding	12		bootstrap.min.js	1491346195687	1491346199276	OK	 
REQUEST	LoadLanding	48		bootstrap.min.js	1491346198727	1491346199311	OK	 
REQUEST	LoadLanding	47		Chart.js	1491346198664	1491346199320	OK	 
REQUEST	LoadLanding	48		Chart.min.js	1491346198723	1491346199320	OK	 
USER	LoadLanding	53	START	1491346199329	1491346199329
REQUEST	LoadLanding	48		jquery.min.js	1491346198719	1491346199335	OK	 
REQUEST	LoadLanding	53		request_0	1491346199329	1491346199336	OK	 
REQUEST	LoadLanding	53		request_1	1491346199338	1491346199345	OK	 
REQUEST	LoadLanding	53		request_2	1491346199339	1491346199345	OK	 
REQUEST	LoadLanding	53		request_3	1491346199339	1491346199346	OK	 
REQUEST	LoadLanding	12		bootstrap.min.css	1491346195388	1491346199373	OK	 
REQUEST	LoadLanding	3		bootstrap.min.css	1491346195388	1491346199375	OK	 
REQUEST	LoadLanding	48		Chart.js	1491346198724	1491346199397	OK	 
REQUEST	LoadLanding	50		tether.min.js	1491346198974	1491346199397	OK	 
REQUEST	LoadLanding	49		bootstrap.min.js	1491346198844	1491346199400	OK	 
REQUEST	LoadLanding	47		bootstrap.min.css	1491346198664	1491346199401	OK	 
REQUEST	LoadLanding	49		Chart.min.js	1491346198843	1491346199402	OK	 
REQUEST	LoadLanding	20		jquery.min.js	1491346195823	1491346199406	OK	 
REQUEST	LoadLanding	50		jquery-latest.min.js	1491346198973	1491346199421	OK	 
REQUEST	LoadLanding	50		bootstrap.min.js	1491346198976	1491346199426	OK	 
USER	LoadLanding	54	START	1491346199439	1491346199439
REQUEST	LoadLanding	54		request_0	1491346199439	1491346199443	OK	 
REQUEST	LoadLanding	54		request_1	1491346199444	1491346199450	OK	 
REQUEST	LoadLanding	54		request_3	1491346199445	1491346199452	OK	 
REQUEST	LoadLanding	54		request_2	1491346199445	1491346199452	OK	 
REQUEST	LoadLanding	49		jquery.min.js	1491346198841	1491346199459	OK	 
REQUEST	LoadLanding	48		bootstrap.min.css	1491346198726	1491346199460	OK	 
REQUEST	LoadLanding	49		Chart.js	1491346198844	1491346199462	OK	 
REQUEST	LoadLanding	10		request_4	1491346199482	1491346199485	OK	 
REQUEST	LoadLanding	10		request_5	1491346199487	1491346199490	OK	 
REQUEST	LoadLanding	1		request_4	1491346199493	1491346199495	OK	 
REQUEST	LoadLanding	1		request_5	1491346199497	1491346199500	OK	 
REQUEST	LoadLanding	51		tether.min.js	1491346199093	1491346199523	OK	 
REQUEST	LoadLanding	10		tether.min.js	1491346199488	1491346199528	OK	 
REQUEST	LoadLanding	13		request_4	1491346199529	1491346199532	OK	 
REQUEST	LoadLanding	13		request_5	1491346199534	1491346199537	OK	 
REQUEST	LoadLanding	50		Chart.min.js	1491346198974	1491346199552	OK	 
REQUEST	LoadLanding	51		jquery-latest.min.js	1491346199092	1491346199553	OK	 
REQUEST	LoadLanding	50		bootstrap.min.css	1491346198975	1491346199554	OK	 
REQUEST	LoadLanding	1		tether.min.js	1491346199497	1491346199558	OK	 
REQUEST	LoadLanding	51		bootstrap.min.js	1491346199096	1491346199559	OK	 
REQUEST	LoadLanding	50		jquery.min.js	1491346198971	1491346199562	OK	 
REQUEST	LoadLanding	13		tether.min.js	1491346199534	1491346199570	OK	 
REQUEST	LoadLanding	52		tether.min.js	1491346199235	1491346199589	OK	 
REQUEST	LoadLanding	50		Chart.js	1491346198974	1491346199592	OK	 
REQUEST	LoadLanding	52		jquery-latest.min.js	1491346199234	1491346199616	OK	 
REQUEST	LoadLanding	53		tether.min.js	1491346199341	1491346199617	OK	 
REQUEST	LoadLanding	51		bootstrap.min.css	1491346199096	1491346199644	OK	 
REQUEST	LoadLanding	53		jquery-latest.min.js	1491346199340	1491346199659	OK	 
REQUEST	LoadLanding	53		bootstrap.min.js	1491346199341	1491346199667	OK	 
REQUEST	LoadLanding	51		jquery.min.js	1491346199089	1491346199669	OK	 
REQUEST	LoadLanding	51		Chart.min.js	1491346199095	1491346199669	OK	 
REQUEST	LoadLanding	26		jquery.min.js	1491346196282	1491346199684	OK	 
REQUEST	LoadLanding	54		tether.min.js	1491346199447	1491346199689	OK	 
REQUEST	LoadLanding	52		Chart.min.js	1491346199236	1491346199691	OK	 
USER	LoadLanding	55	START	1491346199692	1491346199692
REQUEST	LoadLanding	55		request_0	1491346199692	1491346199697	OK	 
REQUEST	LoadLanding	29		request_4	1491346199694	1491346199697	OK	 
REQUEST	LoadLanding	55		request_1	1491346199700	1491346199710	OK	 
REQUEST	LoadLanding	55		request_2	1491346199701	1491346199713	OK	 
REQUEST	LoadLanding	55		request_3	1491346199701	1491346199716	OK	 
REQUEST	LoadLanding	29		request_5	1491346199706	1491346199719	OK	 
REQUEST	LoadLanding	30		request_4	1491346199719	1491346199727	OK	 
REQUEST	LoadLanding	52		jquery.min.js	1491346199228	1491346199730	OK	 
USER	LoadLanding	56	START	1491346199738	1491346199738
REQUEST	LoadLanding	30		request_5	1491346199736	1491346199741	OK	 
REQUEST	LoadLanding	56		request_0	1491346199739	1491346199744	OK	 
REQUEST	LoadLanding	56		request_1	1491346199746	1491346199752	OK	 
REQUEST	LoadLanding	56		request_2	1491346199747	1491346199755	OK	 
REQUEST	LoadLanding	56		request_3	1491346199747	1491346199757	OK	 
REQUEST	LoadLanding	54		jquery-latest.min.js	1491346199446	1491346199766	OK	 
REQUEST	LoadLanding	51		Chart.js	1491346199095	1491346199767	OK	 
REQUEST	LoadLanding	52		Chart.js	1491346199236	1491346199790	OK	 
REQUEST	LoadLanding	53		Chart.min.js	1491346199341	1491346199791	OK	 
REQUEST	LoadLanding	53		bootstrap.min.css	1491346199341	1491346199792	OK	 
REQUEST	LoadLanding	52		bootstrap.min.js	1491346199237	1491346199796	OK	 
REQUEST	LoadLanding	29		tether.min.js	1491346199707	1491346199801	OK	 
REQUEST	LoadLanding	53		jquery.min.js	1491346199338	1491346199823	OK	 
REQUEST	LoadLanding	30		tether.min.js	1491346199737	1491346199831	OK	 
USER	LoadLanding	57	START	1491346199833	1491346199833
REQUEST	LoadLanding	22		request_4	1491346199834	1491346199837	OK	 
REQUEST	LoadLanding	57		request_0	1491346199833	1491346199837	OK	 
REQUEST	LoadLanding	57		request_1	1491346199839	1491346199844	OK	 
REQUEST	LoadLanding	57		request_3	1491346199839	1491346199844	OK	 
REQUEST	LoadLanding	22		request_5	1491346199841	1491346199846	OK	 
REQUEST	LoadLanding	57		request_2	1491346199839	1491346199847	OK	 
REQUEST	LoadLanding	54		Chart.min.js	1491346199447	1491346199864	OK	 
REQUEST	LoadLanding	53		Chart.js	1491346199341	1491346199864	OK	 
REQUEST	LoadLanding	52		bootstrap.min.css	1491346199237	1491346199869	OK	 
REQUEST	LoadLanding	34		request_4	1491346199869	1491346199873	OK	 
REQUEST	LoadLanding	34		request_5	1491346199875	1491346199878	OK	 
REQUEST	LoadLanding	54		bootstrap.min.js	1491346199449	1491346199890	OK	 
REQUEST	LoadLanding	54		jquery.min.js	1491346199444	1491346199894	OK	 
REQUEST	LoadLanding	54		Chart.js	1491346199448	1491346199894	OK	 
REQUEST	LoadLanding	22		tether.min.js	1491346199841	1491346199898	OK	 
REQUEST	LoadLanding	55		tether.min.js	1491346199702	1491346199916	OK	 
REQUEST	LoadLanding	9		request_4	1491346199920	1491346199924	OK	 
REQUEST	LoadLanding	34		tether.min.js	1491346199875	1491346199927	OK	 
REQUEST	LoadLanding	54		bootstrap.min.css	1491346199448	1491346199927	OK	 
REQUEST	LoadLanding	9		request_5	1491346199929	1491346199935	OK	 
REQUEST	LoadLanding	55		jquery-latest.min.js	1491346199701	1491346199937	OK	 
REQUEST	LoadLanding	33		request_4	1491346199936	1491346199940	OK	 
REQUEST	LoadLanding	56		tether.min.js	1491346199748	1491346199946	OK	 
REQUEST	LoadLanding	33		request_5	1491346199943	1491346199948	OK	 
REQUEST	LoadLanding	57		tether.min.js	1491346199840	1491346199953	OK	 
REQUEST	LoadLanding	5		request_4	1491346199951	1491346199954	OK	 
REQUEST	LoadLanding	5		request_5	1491346199956	1491346199961	OK	 
REQUEST	LoadLanding	9		tether.min.js	1491346199930	1491346199966	OK	 
USER	LoadLanding	58	START	1491346199968	1491346199968
REQUEST	LoadLanding	55		bootstrap.min.js	1491346199704	1491346199972	OK	 
REQUEST	LoadLanding	58		request_0	1491346199968	1491346199974	OK	 
REQUEST	LoadLanding	58		request_2	1491346199979	1491346199985	OK	 
REQUEST	LoadLanding	58		request_3	1491346199979	1491346199985	OK	 
REQUEST	LoadLanding	58		request_1	1491346199978	1491346199986	OK	 
REQUEST	LoadLanding	55		Chart.min.js	1491346199702	1491346200003	OK	 
REQUEST	LoadLanding	56		jquery-latest.min.js	1491346199748	1491346200004	OK	 
REQUEST	LoadLanding	31		request_4	1491346199992	1491346200004	OK	 
REQUEST	LoadLanding	55		jquery.min.js	1491346199699	1491346200004	OK	 
REQUEST	LoadLanding	31		request_5	1491346200006	1491346200009	OK	 
REQUEST	LoadLanding	6		request_4	1491346200011	1491346200015	OK	 
REQUEST	LoadLanding	56		Chart.min.js	1491346199748	1491346200017	OK	 
REQUEST	LoadLanding	33		tether.min.js	1491346199943	1491346200017	OK	 
REQUEST	LoadLanding	56		bootstrap.min.js	1491346199751	1491346200021	OK	 
REQUEST	LoadLanding	6		request_5	1491346200017	1491346200021	OK	 
REQUEST	LoadLanding	57		jquery-latest.min.js	1491346199840	1491346200025	OK	 
REQUEST	LoadLanding	31		tether.min.js	1491346200006	1491346200042	OK	 
REQUEST	LoadLanding	56		jquery.min.js	1491346199746	1491346200051	OK	 
REQUEST	LoadLanding	36		request_4	1491346200049	1491346200052	OK	 
REQUEST	LoadLanding	36		request_5	1491346200054	1491346200057	OK	 
USER	LoadLanding	59	START	1491346200069	1491346200069
REQUEST	LoadLanding	59		request_0	1491346200069	1491346200072	OK	 
REQUEST	LoadLanding	59		request_1	1491346200074	1491346200077	OK	 
REQUEST	LoadLanding	59		request_2	1491346200074	1491346200079	OK	 
REQUEST	LoadLanding	59		request_3	1491346200074	1491346200079	OK	 
REQUEST	LoadLanding	55		bootstrap.min.css	1491346199703	1491346200093	OK	 
REQUEST	LoadLanding	55		Chart.js	1491346199703	1491346200095	OK	 
REQUEST	LoadLanding	57		bootstrap.min.js	1491346199841	1491346200096	OK	 
REQUEST	LoadLanding	6		tether.min.js	1491346200017	1491346200101	OK	 
REQUEST	LoadLanding	56		Chart.js	1491346199749	1491346200102	OK	 
REQUEST	LoadLanding	36		tether.min.js	1491346200054	1491346200105	OK	 
REQUEST	LoadLanding	57		Chart.min.js	1491346199841	1491346200176	OK	 
REQUEST	LoadLanding	57		bootstrap.min.css	1491346199841	1491346200182	OK	 
REQUEST	LoadLanding	57		jquery.min.js	1491346199838	1491346200185	OK	 
REQUEST	LoadLanding	57		Chart.js	1491346199841	1491346200189	OK	 
USER	LoadLanding	60	START	1491346200194	1491346200194
REQUEST	LoadLanding	5		tether.min.js	1491346199957	1491346200197	OK	 
REQUEST	LoadLanding	60		request_0	1491346200194	1491346200203	OK	 
REQUEST	LoadLanding	60		request_1	1491346200207	1491346200218	OK	 
REQUEST	LoadLanding	60		request_2	1491346200208	1491346200220	OK	 
REQUEST	LoadLanding	60		request_3	1491346200210	1491346200220	OK	 
REQUEST	LoadLanding	14		jquery-latest.min.js	1491346195705	1491346200231	OK	 
REQUEST	LoadLanding	24		request_4	1491346200252	1491346200256	OK	 
REQUEST	LoadLanding	37		request_4	1491346200252	1491346200256	OK	 
REQUEST	LoadLanding	58		tether.min.js	1491346199981	1491346200267	OK	 
REQUEST	LoadLanding	37		request_5	1491346200261	1491346200267	OK	 
REQUEST	LoadLanding	24		request_5	1491346200261	1491346200270	OK	 
REQUEST	LoadLanding	59		tether.min.js	1491346200076	1491346200293	OK	 
REQUEST	LoadLanding	24		tether.min.js	1491346200262	1491346200301	OK	 
REQUEST	LoadLanding	58		jquery-latest.min.js	1491346199980	1491346200306	OK	 
REQUEST	LoadLanding	37		tether.min.js	1491346200262	1491346200308	OK	 
REQUEST	LoadLanding	58		jquery.min.js	1491346199978	1491346200317	OK	 
REQUEST	LoadLanding	58		Chart.min.js	1491346199981	1491346200335	OK	 
REQUEST	LoadLanding	60		tether.min.js	1491346200211	1491346200343	OK	 
REQUEST	LoadLanding	58		bootstrap.min.js	1491346199982	1491346200352	OK	 
REQUEST	LoadLanding	59		jquery-latest.min.js	1491346200075	1491346200357	OK	 
REQUEST	LoadLanding	58		Chart.js	1491346199981	1491346200360	OK	 
REQUEST	LoadLanding	56		bootstrap.min.css	1491346199749	1491346200360	OK	 
REQUEST	LoadLanding	59		jquery.min.js	1491346200074	1491346200380	OK	 
REQUEST	LoadLanding	59		bootstrap.min.js	1491346200078	1491346200394	OK	 
REQUEST	LoadLanding	60		jquery-latest.min.js	1491346200210	1491346200398	OK	 
REQUEST	LoadLanding	60		Chart.min.js	1491346200212	1491346200401	OK	 
REQUEST	LoadLanding	60		Chart.js	1491346200212	1491346200408	OK	 
REQUEST	LoadLanding	60		jquery.min.js	1491346200207	1491346200412	OK	 
REQUEST	LoadLanding	58		bootstrap.min.css	1491346199981	1491346200425	OK	 
REQUEST	LoadLanding	59		Chart.min.js	1491346200077	1491346200447	OK	 
REQUEST	LoadLanding	59		bootstrap.min.css	1491346200078	1491346200457	OK	 
REQUEST	LoadLanding	60		bootstrap.min.js	1491346200213	1491346200463	OK	 
REQUEST	LoadLanding	38		request_4	1491346200469	1491346200476	OK	 
REQUEST	LoadLanding	60		bootstrap.min.css	1491346200212	1491346200485	OK	 
REQUEST	LoadLanding	38		request_5	1491346200484	1491346200497	OK	 
REQUEST	LoadLanding	39		request_4	1491346200469	1491346200497	OK	 
REQUEST	LoadLanding	59		Chart.js	1491346200078	1491346200502	OK	 
REQUEST	LoadLanding	39		request_5	1491346200499	1491346200503	OK	 
REQUEST	LoadLanding	38		tether.min.js	1491346200495	1491346200529	OK	 
REQUEST	LoadLanding	39		tether.min.js	1491346200499	1491346200532	OK	 
REQUEST	LoadLanding	21		request_4	1491346200531	1491346200535	OK	 
REQUEST	LoadLanding	21		request_5	1491346200536	1491346200539	OK	 
REQUEST	LoadLanding	21		tether.min.js	1491346200537	1491346200560	OK	 
REQUEST	LoadLanding	19		request_6	1491346200572	1491346200575	OK	 
REQUEST	LoadLanding	16		request_4	1491346200572	1491346200576	OK	 
REQUEST	LoadLanding	16		request_5	1491346200577	1491346200580	OK	 
REQUEST	LoadLanding	19		request_7	1491346200578	1491346200580	OK	 
USER	LoadLanding	19	END	1491346195664	1491346200583
REQUEST	LoadLanding	16		tether.min.js	1491346200577	1491346200601	OK	 
REQUEST	LoadLanding	4		request_6	1491346200609	1491346200612	OK	 
REQUEST	LoadLanding	4		request_7	1491346200613	1491346200616	OK	 
USER	LoadLanding	4	END	1491346194331	1491346200618
REQUEST	LoadLanding	7		request_6	1491346200671	1491346200674	OK	 
REQUEST	LoadLanding	7		request_7	1491346200675	1491346200678	OK	 
USER	LoadLanding	7	END	1491346194331	1491346200679
REQUEST	LoadLanding	41		request_4	1491346200681	1491346200685	OK	 
REQUEST	LoadLanding	2		request_6	1491346200682	1491346200685	OK	 
REQUEST	LoadLanding	32		request_4	1491346200681	1491346200686	OK	 
REQUEST	LoadLanding	40		request_4	1491346200681	1491346200687	OK	 
REQUEST	LoadLanding	41		request_5	1491346200689	1491346200696	OK	 
REQUEST	LoadLanding	32		request_5	1491346200690	1491346200697	OK	 
REQUEST	LoadLanding	2		request_7	1491346200689	1491346200698	OK	 
REQUEST	LoadLanding	40		request_5	1491346200690	1491346200700	OK	 
USER	LoadLanding	2	END	1491346194331	1491346200701
REQUEST	LoadLanding	32		tether.min.js	1491346200690	1491346200716	OK	 
REQUEST	LoadLanding	41		tether.min.js	1491346200689	1491346200720	OK	 
REQUEST	LoadLanding	40		tether.min.js	1491346200690	1491346200723	OK	 
REQUEST	LoadLanding	35		request_4	1491346200722	1491346200726	OK	 
REQUEST	LoadLanding	35		request_5	1491346200728	1491346200732	OK	 
REQUEST	LoadLanding	35		tether.min.js	1491346200728	1491346200766	OK	 
REQUEST	LoadLanding	43		request_4	1491346200804	1491346200807	OK	 
REQUEST	LoadLanding	42		request_4	1491346200804	1491346200807	OK	 
REQUEST	LoadLanding	27		request_6	1491346200804	1491346200807	OK	 
REQUEST	LoadLanding	27		request_7	1491346200809	1491346200812	OK	 
REQUEST	LoadLanding	42		request_5	1491346200809	1491346200812	OK	 
REQUEST	LoadLanding	23		request_6	1491346200810	1491346200812	OK	 
USER	LoadLanding	27	END	1491346196343	1491346200814
REQUEST	LoadLanding	15		request_6	1491346200811	1491346200816	OK	 
REQUEST	LoadLanding	23		request_7	1491346200814	1491346200818	OK	 
USER	LoadLanding	23	END	1491346195849	1491346200820
REQUEST	LoadLanding	43		request_5	1491346200809	1491346200822	OK	 
REQUEST	LoadLanding	15		request_7	1491346200819	1491346200822	OK	 
USER	LoadLanding	15	END	1491346195663	1491346200824
REQUEST	LoadLanding	18		request_4	1491346200843	1491346200845	OK	 
REQUEST	LoadLanding	18		request_5	1491346200847	1491346200850	OK	 
REQUEST	LoadLanding	43		tether.min.js	1491346200809	1491346200850	OK	 
REQUEST	LoadLanding	42		tether.min.js	1491346200809	1491346200853	OK	 
REQUEST	LoadLanding	18		tether.min.js	1491346200847	1491346200884	OK	 
REQUEST	LoadLanding	28		request_6	1491346200893	1491346200896	OK	 
REQUEST	LoadLanding	28		request_7	1491346200897	1491346200901	OK	 
USER	LoadLanding	28	END	1491346196517	1491346200902
REQUEST	LoadLanding	44		request_4	1491346200914	1491346200916	OK	 
REQUEST	LoadLanding	44		request_5	1491346200918	1491346200921	OK	 
REQUEST	LoadLanding	44		tether.min.js	1491346200918	1491346200949	OK	 
REQUEST	LoadLanding	45		request_4	1491346200989	1491346200992	OK	 
REQUEST	LoadLanding	45		request_5	1491346200993	1491346200996	OK	 
REQUEST	LoadLanding	17		request_4	1491346201031	1491346201034	OK	 
REQUEST	LoadLanding	17		request_5	1491346201035	1491346201039	OK	 
REQUEST	LoadLanding	45		tether.min.js	1491346200993	1491346201042	OK	 
REQUEST	LoadLanding	25		request_6	1491346201041	1491346201044	OK	 
REQUEST	LoadLanding	25		request_7	1491346201046	1491346201048	OK	 
USER	LoadLanding	25	END	1491346196142	1491346201049
REQUEST	LoadLanding	17		tether.min.js	1491346201036	1491346201074	OK	 
REQUEST	LoadLanding	8		request_4	1491346201072	1491346201075	OK	 
REQUEST	LoadLanding	8		request_5	1491346201077	1491346201079	OK	 
REQUEST	LoadLanding	8		tether.min.js	1491346201077	1491346201101	OK	 
REQUEST	LoadLanding	46		request_4	1491346201139	1491346201143	OK	 
REQUEST	LoadLanding	46		request_5	1491346201145	1491346201149	OK	 
REQUEST	LoadLanding	46		tether.min.js	1491346201145	1491346201173	OK	 
REQUEST	LoadLanding	11		request_4	1491346201222	1491346201230	OK	 
REQUEST	LoadLanding	11		request_5	1491346201234	1491346201242	OK	 
REQUEST	LoadLanding	11		tether.min.js	1491346201235	1491346201260	OK	 
REQUEST	LoadLanding	3		request_4	1491346201384	1491346201387	OK	 
REQUEST	LoadLanding	12		request_4	1491346201384	1491346201388	OK	 
REQUEST	LoadLanding	3		request_5	1491346201389	1491346201392	OK	 
REQUEST	LoadLanding	12		request_5	1491346201389	1491346201392	OK	 
REQUEST	LoadLanding	12		tether.min.js	1491346201390	1491346201415	OK	 
REQUEST	LoadLanding	47		request_4	1491346201419	1491346201422	OK	 
REQUEST	LoadLanding	20		request_4	1491346201419	1491346201422	OK	 
REQUEST	LoadLanding	20		request_5	1491346201424	1491346201427	OK	 
REQUEST	LoadLanding	47		request_5	1491346201424	1491346201427	OK	 
REQUEST	LoadLanding	3		tether.min.js	1491346201389	1491346201429	OK	 
REQUEST	LoadLanding	48		request_4	1491346201471	1491346201474	OK	 
REQUEST	LoadLanding	48		request_5	1491346201475	1491346201478	OK	 
REQUEST	LoadLanding	20		tether.min.js	1491346201424	1491346201479	OK	 
REQUEST	LoadLanding	47		tether.min.js	1491346201424	1491346201483	OK	 
REQUEST	LoadLanding	49		request_4	1491346201482	1491346201485	OK	 
REQUEST	LoadLanding	49		request_5	1491346201486	1491346201489	OK	 
REQUEST	LoadLanding	10		request_6	1491346201503	1491346201505	OK	 
REQUEST	LoadLanding	48		tether.min.js	1491346201475	1491346201508	OK	 
REQUEST	LoadLanding	10		request_7	1491346201507	1491346201510	OK	 
USER	LoadLanding	10	END	1491346194331	1491346201510
REQUEST	LoadLanding	49		tether.min.js	1491346201486	1491346201531	OK	 
REQUEST	LoadLanding	29		request_6	1491346201710	1491346201712	OK	 
REQUEST	LoadLanding	29		request_7	1491346201714	1491346201716	OK	 
USER	LoadLanding	29	END	1491346196612	1491346201717
REQUEST	LoadLanding	1		request_6	1491346201740	1491346201743	OK	 
REQUEST	LoadLanding	1		request_7	1491346201744	1491346201747	OK	 
USER	LoadLanding	1	END	1491346194331	1491346201748
REQUEST	LoadLanding	50		request_4	1491346201750	1491346201753	OK	 
REQUEST	LoadLanding	13		request_6	1491346201750	1491346201753	OK	 
REQUEST	LoadLanding	13		request_7	1491346201755	1491346201758	OK	 
REQUEST	LoadLanding	50		request_5	1491346201755	1491346201759	OK	 
REQUEST	LoadLanding	26		request_4	1491346201755	1491346201759	OK	 
USER	LoadLanding	13	END	1491346195660	1491346201761
REQUEST	LoadLanding	26		request_5	1491346201761	1491346201765	OK	 
REQUEST	LoadLanding	30		request_6	1491346201760	1491346201765	OK	 
REQUEST	LoadLanding	30		request_7	1491346201767	1491346201769	OK	 
USER	LoadLanding	30	END	1491346196720	1491346201771
REQUEST	LoadLanding	26		tether.min.js	1491346201762	1491346201784	OK	 
REQUEST	LoadLanding	50		tether.min.js	1491346201755	1491346201790	OK	 
REQUEST	LoadLanding	51		request_4	1491346201819	1491346201822	OK	 
REQUEST	LoadLanding	51		request_5	1491346201823	1491346201826	OK	 
REQUEST	LoadLanding	51		tether.min.js	1491346201823	1491346201858	OK	 
REQUEST	LoadLanding	52		request_4	1491346201881	1491346201887	OK	 
REQUEST	LoadLanding	53		request_4	1491346201881	1491346201887	OK	 
REQUEST	LoadLanding	53		request_5	1491346201897	1491346201902	OK	 
REQUEST	LoadLanding	52		request_5	1491346201896	1491346201902	OK	 
REQUEST	LoadLanding	22		request_6	1491346201904	1491346201907	OK	 
REQUEST	LoadLanding	22		request_7	1491346201908	1491346201911	OK	 
USER	LoadLanding	22	END	1491346195666	1491346201912
REQUEST	LoadLanding	34		request_6	1491346201944	1491346201947	OK	 
REQUEST	LoadLanding	54		request_4	1491346201944	1491346201950	OK	 
REQUEST	LoadLanding	34		request_7	1491346201954	1491346201958	OK	 
REQUEST	LoadLanding	54		request_5	1491346201955	1491346201958	OK	 
USER	LoadLanding	34	END	1491346197107	1491346201959
REQUEST	LoadLanding	9		request_6	1491346201993	1491346201996	OK	 
REQUEST	LoadLanding	9		request_7	1491346201997	1491346202000	OK	 
USER	LoadLanding	9	END	1491346194331	1491346202001
REQUEST	LoadLanding	31		request_6	1491346202013	1491346202016	OK	 
REQUEST	LoadLanding	31		request_7	1491346202017	1491346202019	OK	 
USER	LoadLanding	31	END	1491346196759	1491346202021
REQUEST	LoadLanding	33		request_6	1491346202023	1491346202026	OK	 
REQUEST	LoadLanding	33		request_7	1491346202027	1491346202029	OK	 
USER	LoadLanding	33	END	1491346196987	1491346202031
REQUEST	LoadLanding	53		tether.min.js	1491346201898	1491346202031	OK	 
REQUEST	LoadLanding	52		tether.min.js	1491346201896	1491346202032	OK	 
REQUEST	LoadLanding	54		tether.min.js	1491346201955	1491346202073	OK	 
REQUEST	LoadLanding	6		request_6	1491346202099	1491346202102	OK	 
REQUEST	LoadLanding	6		request_7	1491346202103	1491346202106	OK	 
USER	LoadLanding	6	END	1491346194331	1491346202107
REQUEST	LoadLanding	36		request_6	1491346202109	1491346202113	OK	 
REQUEST	LoadLanding	55		request_4	1491346202109	1491346202113	OK	 
REQUEST	LoadLanding	36		request_7	1491346202114	1491346202118	OK	 
REQUEST	LoadLanding	55		request_5	1491346202114	1491346202117	OK	 
USER	LoadLanding	36	END	1491346197351	1491346202118
REQUEST	LoadLanding	55		tether.min.js	1491346202115	1491346202161	OK	 
REQUEST	LoadLanding	5		request_6	1491346202181	1491346202184	OK	 
REQUEST	LoadLanding	5		request_7	1491346202185	1491346202189	OK	 
USER	LoadLanding	5	END	1491346194331	1491346202191
REQUEST	LoadLanding	57		request_4	1491346202202	1491346202205	OK	 
REQUEST	LoadLanding	57		request_5	1491346202206	1491346202211	OK	 
REQUEST	LoadLanding	57		tether.min.js	1491346202207	1491346202239	OK	 
REQUEST	LoadLanding	14		request_4	1491346202252	1491346202255	OK	 
REQUEST	LoadLanding	14		request_5	1491346202257	1491346202262	OK	 
REQUEST	LoadLanding	14		tether.min.js	1491346202258	1491346202283	OK	 
REQUEST	LoadLanding	24		request_6	1491346202316	1491346202319	OK	 
REQUEST	LoadLanding	24		request_7	1491346202320	1491346202324	OK	 
USER	LoadLanding	24	END	1491346195994	1491346202329
REQUEST	LoadLanding	37		request_6	1491346202332	1491346202335	OK	 
REQUEST	LoadLanding	37		request_7	1491346202336	1491346202339	OK	 
USER	LoadLanding	37	END	1491346197470	1491346202340
REQUEST	LoadLanding	56		request_4	1491346202373	1491346202376	OK	 
REQUEST	LoadLanding	56		request_5	1491346202377	1491346202379	OK	 
REQUEST	LoadLanding	58		request_4	1491346202444	1491346202449	OK	 
REQUEST	LoadLanding	56		tether.min.js	1491346202377	1491346202451	OK	 
REQUEST	LoadLanding	58		request_5	1491346202451	1491346202456	OK	 
REQUEST	LoadLanding	58		tether.min.js	1491346202451	1491346202481	OK	 
REQUEST	LoadLanding	38		request_6	1491346202479	1491346202484	OK	 
REQUEST	LoadLanding	38		request_7	1491346202486	1491346202491	OK	 
USER	LoadLanding	38	END	1491346197551	1491346202493
REQUEST	LoadLanding	60		request_4	1491346202509	1491346202513	OK	 
REQUEST	LoadLanding	60		request_5	1491346202514	1491346202518	OK	 
REQUEST	LoadLanding	59		request_4	1491346202519	1491346202522	OK	 
REQUEST	LoadLanding	59		request_5	1491346202524	1491346202527	OK	 
REQUEST	LoadLanding	60		tether.min.js	1491346202514	1491346202540	OK	 
REQUEST	LoadLanding	21		request_6	1491346202551	1491346202554	OK	 
REQUEST	LoadLanding	39		request_6	1491346202551	1491346202554	OK	 
REQUEST	LoadLanding	59		tether.min.js	1491346202524	1491346202557	OK	 
REQUEST	LoadLanding	39		request_7	1491346202555	1491346202558	OK	 
REQUEST	LoadLanding	21		request_7	1491346202555	1491346202558	OK	 
USER	LoadLanding	21	END	1491346195665	1491346202560
USER	LoadLanding	39	END	1491346197660	1491346202560
REQUEST	LoadLanding	16		request_6	1491346202571	1491346202574	OK	 
REQUEST	LoadLanding	16		request_7	1491346202575	1491346202577	OK	 
USER	LoadLanding	16	END	1491346195663	1491346202578
REQUEST	LoadLanding	32		request_6	1491346202661	1491346202666	OK	 
REQUEST	LoadLanding	32		request_7	1491346202669	1491346202672	OK	 
REQUEST	LoadLanding	41		request_6	1491346202670	1491346202672	OK	 
USER	LoadLanding	32	END	1491346196856	1491346202676
REQUEST	LoadLanding	41		request_7	1491346202674	1491346202677	OK	 
USER	LoadLanding	41	END	1491346197879	1491346202680
REQUEST	LoadLanding	40		request_6	1491346202676	1491346202680	OK	 
REQUEST	LoadLanding	40		request_7	1491346202682	1491346202684	OK	 
USER	LoadLanding	40	END	1491346197776	1491346202685
REQUEST	LoadLanding	35		request_6	1491346202774	1491346202779	OK	 
REQUEST	LoadLanding	35		request_7	1491346202781	1491346202785	OK	 
USER	LoadLanding	35	END	1491346197232	1491346202786
REQUEST	LoadLanding	43		request_6	1491346202862	1491346202869	OK	 
REQUEST	LoadLanding	42		request_6	1491346202872	1491346202880	OK	 
REQUEST	LoadLanding	43		request_7	1491346202872	1491346202880	OK	 
USER	LoadLanding	43	END	1491346198101	1491346202884
REQUEST	LoadLanding	42		request_7	1491346202884	1491346202891	OK	 
USER	LoadLanding	42	END	1491346197992	1491346202893
REQUEST	LoadLanding	18		request_6	1491346202900	1491346202904	OK	 
REQUEST	LoadLanding	18		request_7	1491346202905	1491346202909	OK	 
USER	LoadLanding	18	END	1491346195663	1491346202910
REQUEST	LoadLanding	44		request_6	1491346202941	1491346202945	OK	 
REQUEST	LoadLanding	44		request_7	1491346202947	1491346202950	OK	 
USER	LoadLanding	44	END	1491346198223	1491346202952
REQUEST	LoadLanding	45		request_6	1491346203043	1491346203046	OK	 
REQUEST	LoadLanding	45		request_7	1491346203047	1491346203050	OK	 
USER	LoadLanding	45	END	1491346198329	1491346203052
REQUEST	LoadLanding	17		request_6	1491346203080	1491346203082	OK	 
REQUEST	LoadLanding	17		request_7	1491346203083	1491346203086	OK	 
USER	LoadLanding	17	END	1491346195663	1491346203087
REQUEST	LoadLanding	8		request_6	1491346203101	1491346203103	OK	 
REQUEST	LoadLanding	8		request_7	1491346203105	1491346203108	OK	 
USER	LoadLanding	8	END	1491346194331	1491346203109
REQUEST	LoadLanding	46		request_6	1491346203184	1491346203189	OK	 
REQUEST	LoadLanding	46		request_7	1491346203191	1491346203196	OK	 
USER	LoadLanding	46	END	1491346198466	1491346203198
REQUEST	LoadLanding	11		request_6	1491346203259	1491346203265	OK	 
REQUEST	LoadLanding	11		request_7	1491346203268	1491346203274	OK	 
USER	LoadLanding	11	END	1491346194331	1491346203276
REQUEST	LoadLanding	12		request_6	1491346203413	1491346203421	OK	 
REQUEST	LoadLanding	12		request_7	1491346203423	1491346203430	OK	 
USER	LoadLanding	12	END	1491346194492	1491346203432
REQUEST	LoadLanding	3		request_6	1491346203454	1491346203460	OK	 
REQUEST	LoadLanding	3		request_7	1491346203462	1491346203467	OK	 
USER	LoadLanding	3	END	1491346194331	1491346203468
REQUEST	LoadLanding	20		request_6	1491346203485	1491346203489	OK	 
REQUEST	LoadLanding	47		request_6	1491346203489	1491346203496	OK	 
REQUEST	LoadLanding	20		request_7	1491346203491	1491346203496	OK	 
USER	LoadLanding	20	END	1491346195666	1491346203499
REQUEST	LoadLanding	47		request_7	1491346203503	1491346203508	OK	 
USER	LoadLanding	47	END	1491346198641	1491346203510
REQUEST	LoadLanding	48		request_6	1491346203510	1491346203515	OK	 
REQUEST	LoadLanding	48		request_7	1491346203517	1491346203521	OK	 
USER	LoadLanding	48	END	1491346198711	1491346203523
REQUEST	LoadLanding	49		request_6	1491346203531	1491346203533	OK	 
REQUEST	LoadLanding	49		request_7	1491346203535	1491346203537	OK	 
USER	LoadLanding	49	END	1491346198836	1491346203538
REQUEST	LoadLanding	50		request_6	1491346203702	1491346203705	OK	 
REQUEST	LoadLanding	50		request_7	1491346203706	1491346203708	OK	 
USER	LoadLanding	50	END	1491346198963	1491346203709
REQUEST	LoadLanding	26		request_6	1491346203743	1491346203745	OK	 
REQUEST	LoadLanding	26		request_7	1491346203747	1491346203749	OK	 
USER	LoadLanding	26	END	1491346196212	1491346203750
REQUEST	LoadLanding	51		request_6	1491346203819	1491346203826	OK	 
REQUEST	LoadLanding	51		request_7	1491346203829	1491346203835	OK	 
USER	LoadLanding	51	END	1491346199083	1491346203837
REQUEST	LoadLanding	52		request_6	1491346204029	1491346204032	OK	 
REQUEST	LoadLanding	53		request_6	1491346204029	1491346204032	OK	 
REQUEST	LoadLanding	53		request_7	1491346204034	1491346204036	OK	 
REQUEST	LoadLanding	52		request_7	1491346204034	1491346204036	OK	 
USER	LoadLanding	53	END	1491346199329	1491346204037
USER	LoadLanding	52	END	1491346199218	1491346204038
REQUEST	LoadLanding	54		request_6	1491346204082	1491346204084	OK	 
REQUEST	LoadLanding	54		request_7	1491346204086	1491346204088	OK	 
USER	LoadLanding	54	END	1491346199439	1491346204089
REQUEST	LoadLanding	55		request_6	1491346204169	1491346204174	OK	 
REQUEST	LoadLanding	55		request_7	1491346204176	1491346204181	OK	 
USER	LoadLanding	55	END	1491346199692	1491346204182
REQUEST	LoadLanding	57		request_6	1491346204242	1491346204249	OK	 
REQUEST	LoadLanding	57		request_7	1491346204252	1491346204259	OK	 
USER	LoadLanding	57	END	1491346199833	1491346204260
REQUEST	LoadLanding	14		request_6	1491346204283	1491346204289	OK	 
REQUEST	LoadLanding	14		request_7	1491346204293	1491346204300	OK	 
USER	LoadLanding	14	END	1491346195662	1491346204302
REQUEST	LoadLanding	56		request_6	1491346204449	1491346204452	OK	 
REQUEST	LoadLanding	56		request_7	1491346204453	1491346204455	OK	 
USER	LoadLanding	56	END	1491346199738	1491346204456
REQUEST	LoadLanding	58		request_6	1491346204490	1491346204493	OK	 
REQUEST	LoadLanding	58		request_7	1491346204494	1491346204496	OK	 
USER	LoadLanding	58	END	1491346199968	1491346204497
REQUEST	LoadLanding	60		request_6	1491346204552	1491346204559	OK	 
REQUEST	LoadLanding	60		request_7	1491346204562	1491346204569	OK	 
REQUEST	LoadLanding	59		request_6	1491346204563	1491346204571	OK	 
USER	LoadLanding	60	END	1491346200194	1491346204572
REQUEST	LoadLanding	59		request_7	1491346204573	1491346204579	OK	 
USER	LoadLanding	59	END	1491346200069	1491346204581
