RUN	asw.gatling.tests.LoadLanding		loadlanding	1491346246178	 	2.0
USER	LoadLanding	6	START	1491346251065	1491346251065
USER	LoadLanding	9	START	1491346251064	1491346251064
USER	LoadLanding	4	START	1491346251065	1491346251065
USER	LoadLanding	11	START	1491346251069	1491346251069
USER	LoadLanding	7	START	1491346251065	1491346251065
USER	LoadLanding	3	START	1491346251065	1491346251065
USER	LoadLanding	8	START	1491346251064	1491346251064
USER	LoadLanding	2	START	1491346251065	1491346251065
USER	LoadLanding	10	START	1491346251064	1491346251064
USER	LoadLanding	1	START	1491346251064	1491346251064
USER	LoadLanding	5	START	1491346251065	1491346251065
REQUEST	LoadLanding	8		request_0	1491346251116	1491346251134	OK	 
REQUEST	LoadLanding	1		request_0	1491346251111	1491346251170	OK	 
REQUEST	LoadLanding	10		request_0	1491346251115	1491346251176	OK	 
REQUEST	LoadLanding	11		request_0	1491346251116	1491346251131	OK	 
REQUEST	LoadLanding	3		request_0	1491346251116	1491346251138	OK	 
REQUEST	LoadLanding	2		request_0	1491346251116	1491346251201	OK	 
REQUEST	LoadLanding	9		request_0	1491346251114	1491346251214	OK	 
REQUEST	LoadLanding	5		request_0	1491346251115	1491346251228	OK	 
REQUEST	LoadLanding	6		request_0	1491346251116	1491346251234	OK	 
REQUEST	LoadLanding	7		request_0	1491346251114	1491346251241	OK	 
REQUEST	LoadLanding	4		request_0	1491346251116	1491346251273	OK	 
USER	LoadLanding	12	START	1491346251281	1491346251281
REQUEST	LoadLanding	2		request_1	1491346251281	1491346251308	OK	 
REQUEST	LoadLanding	1		request_1	1491346251276	1491346251323	OK	 
REQUEST	LoadLanding	4		request_1	1491346251280	1491346251323	OK	 
REQUEST	LoadLanding	6		request_1	1491346251278	1491346251325	OK	 
REQUEST	LoadLanding	7		request_1	1491346251269	1491346251326	OK	 
REQUEST	LoadLanding	8		request_1	1491346251270	1491346251326	OK	 
REQUEST	LoadLanding	11		request_1	1491346251282	1491346251347	OK	 
REQUEST	LoadLanding	10		request_1	1491346251287	1491346251349	OK	 
REQUEST	LoadLanding	9		request_1	1491346251281	1491346251351	OK	 
REQUEST	LoadLanding	5		request_1	1491346251281	1491346251359	OK	 
REQUEST	LoadLanding	1		request_2	1491346251282	1491346251360	OK	 
REQUEST	LoadLanding	8		request_2	1491346251283	1491346251364	OK	 
REQUEST	LoadLanding	11		request_2	1491346251288	1491346251364	OK	 
REQUEST	LoadLanding	9		request_2	1491346251295	1491346251364	OK	 
REQUEST	LoadLanding	5		request_2	1491346251287	1491346251365	OK	 
REQUEST	LoadLanding	10		request_3	1491346251295	1491346251366	OK	 
REQUEST	LoadLanding	6		request_2	1491346251282	1491346251368	OK	 
REQUEST	LoadLanding	2		request_3	1491346251289	1491346251368	OK	 
REQUEST	LoadLanding	4		request_3	1491346251283	1491346251369	OK	 
REQUEST	LoadLanding	2		request_2	1491346251289	1491346251369	OK	 
REQUEST	LoadLanding	3		request_3	1491346251311	1491346251371	OK	 
REQUEST	LoadLanding	10		request_2	1491346251294	1491346251387	OK	 
REQUEST	LoadLanding	6		request_3	1491346251282	1491346251388	OK	 
REQUEST	LoadLanding	3		request_1	1491346251293	1491346251388	OK	 
REQUEST	LoadLanding	7		request_3	1491346251288	1491346251388	OK	 
REQUEST	LoadLanding	4		request_2	1491346251283	1491346251387	OK	 
REQUEST	LoadLanding	1		request_3	1491346251282	1491346251388	OK	 
REQUEST	LoadLanding	7		request_2	1491346251287	1491346251389	OK	 
REQUEST	LoadLanding	11		request_3	1491346251288	1491346251389	OK	 
REQUEST	LoadLanding	3		request_2	1491346251311	1491346251389	OK	 
REQUEST	LoadLanding	8		request_3	1491346251283	1491346251389	OK	 
USER	LoadLanding	13	START	1491346251378	1491346251378
USER	LoadLanding	14	START	1491346251409	1491346251409
REQUEST	LoadLanding	12		request_0	1491346251281	1491346251417	OK	 
REQUEST	LoadLanding	13		request_0	1491346251378	1491346251422	OK	 
REQUEST	LoadLanding	5		request_3	1491346251288	1491346251423	OK	 
REQUEST	LoadLanding	9		request_3	1491346251295	1491346251425	OK	 
REQUEST	LoadLanding	14		request_0	1491346251409	1491346251441	OK	 
REQUEST	LoadLanding	12		request_1	1491346251428	1491346251445	OK	 
REQUEST	LoadLanding	12		request_2	1491346251429	1491346251446	OK	 
REQUEST	LoadLanding	12		request_3	1491346251429	1491346251446	OK	 
REQUEST	LoadLanding	9		jquery.min.js	1491346251265	1491346251512	OK	 
REQUEST	LoadLanding	2		jquery.min.js	1491346251256	1491346251535	OK	 
REQUEST	LoadLanding	7		jquery.min.js	1491346251267	1491346251550	OK	 
REQUEST	LoadLanding	11		jquery.min.js	1491346251282	1491346251568	OK	 
REQUEST	LoadLanding	1		jquery.min.js	1491346251275	1491346251569	OK	 
REQUEST	LoadLanding	10		jquery.min.js	1491346251287	1491346251571	OK	 
REQUEST	LoadLanding	5		jquery.min.js	1491346251280	1491346251572	OK	 
REQUEST	LoadLanding	8		jquery.min.js	1491346251270	1491346251587	OK	 
REQUEST	LoadLanding	3		jquery.min.js	1491346251292	1491346251589	OK	 
REQUEST	LoadLanding	4		jquery.min.js	1491346251280	1491346251594	OK	 
REQUEST	LoadLanding	6		jquery.min.js	1491346251276	1491346251617	OK	 
REQUEST	LoadLanding	12		jquery.min.js	1491346251427	1491346251619	OK	 
USER	LoadLanding	16	START	1491346251686	1491346251686
USER	LoadLanding	15	START	1491346251686	1491346251686
REQUEST	LoadLanding	16		request_0	1491346251686	1491346251700	OK	 
REQUEST	LoadLanding	13		request_1	1491346251683	1491346251700	OK	 
REQUEST	LoadLanding	14		request_1	1491346251688	1491346251702	OK	 
REQUEST	LoadLanding	13		request_3	1491346251687	1491346251705	OK	 
REQUEST	LoadLanding	15		request_0	1491346251686	1491346251705	OK	 
REQUEST	LoadLanding	13		request_2	1491346251687	1491346251705	OK	 
REQUEST	LoadLanding	14		request_3	1491346251691	1491346251705	OK	 
REQUEST	LoadLanding	16		request_1	1491346251703	1491346251711	OK	 
REQUEST	LoadLanding	16		request_3	1491346251707	1491346251711	OK	 
REQUEST	LoadLanding	14		request_2	1491346251689	1491346251711	OK	 
REQUEST	LoadLanding	16		request_2	1491346251706	1491346251711	OK	 
REQUEST	LoadLanding	15		request_3	1491346251712	1491346251719	OK	 
REQUEST	LoadLanding	15		request_2	1491346251712	1491346251719	OK	 
REQUEST	LoadLanding	15		request_1	1491346251708	1491346251719	OK	 
USER	LoadLanding	17	START	1491346251728	1491346251728
REQUEST	LoadLanding	17		request_0	1491346251728	1491346251732	OK	 
REQUEST	LoadLanding	17		request_1	1491346251736	1491346251744	OK	 
REQUEST	LoadLanding	17		request_3	1491346251737	1491346251748	OK	 
REQUEST	LoadLanding	17		request_2	1491346251737	1491346251751	OK	 
USER	LoadLanding	18	START	1491346251868	1491346251868
REQUEST	LoadLanding	18		request_0	1491346251868	1491346251883	OK	 
REQUEST	LoadLanding	8		jquery-latest.min.js	1491346251283	1491346251988	OK	 
REQUEST	LoadLanding	3		jquery-latest.min.js	1491346251312	1491346251989	OK	 
REQUEST	LoadLanding	6		jquery-latest.min.js	1491346251282	1491346251995	OK	 
USER	LoadLanding	19	START	1491346251994	1491346251994
REQUEST	LoadLanding	10		jquery-latest.min.js	1491346251295	1491346251993	OK	 
REQUEST	LoadLanding	2		jquery-latest.min.js	1491346251292	1491346252011	OK	 
REQUEST	LoadLanding	13		Chart.min.js	1491346251694	1491346252019	OK	 
REQUEST	LoadLanding	4		tether.min.js	1491346251684	1491346251999	OK	 
REQUEST	LoadLanding	18		request_1	1491346251887	1491346252034	OK	 
REQUEST	LoadLanding	18		request_2	1491346251993	1491346252040	OK	 
REQUEST	LoadLanding	6		tether.min.js	1491346251687	1491346252040	OK	 
REQUEST	LoadLanding	13		tether.min.js	1491346251693	1491346252043	OK	 
REQUEST	LoadLanding	19		request_0	1491346251994	1491346252046	OK	 
REQUEST	LoadLanding	18		request_3	1491346252015	1491346252068	OK	 
REQUEST	LoadLanding	2		bootstrap.min.js	1491346251687	1491346252071	OK	 
REQUEST	LoadLanding	14		tether.min.js	1491346251693	1491346252071	OK	 
USER	LoadLanding	20	START	1491346252081	1491346252081
REQUEST	LoadLanding	3		bootstrap.min.js	1491346251686	1491346252086	OK	 
REQUEST	LoadLanding	19		request_1	1491346252054	1491346252089	OK	 
REQUEST	LoadLanding	20		request_0	1491346252081	1491346252093	OK	 
REQUEST	LoadLanding	8		bootstrap.min.js	1491346251686	1491346252095	OK	 
REQUEST	LoadLanding	19		request_2	1491346252068	1491346252100	OK	 
REQUEST	LoadLanding	19		request_3	1491346252068	1491346252103	OK	 
REQUEST	LoadLanding	10		bootstrap.min.js	1491346251685	1491346252110	OK	 
REQUEST	LoadLanding	20		request_1	1491346252101	1491346252113	OK	 
REQUEST	LoadLanding	20		request_2	1491346252104	1491346252112	OK	 
REQUEST	LoadLanding	20		request_3	1491346252104	1491346252114	OK	 
REQUEST	LoadLanding	6		bootstrap.min.css	1491346251688	1491346252143	OK	 
REQUEST	LoadLanding	11		bootstrap.min.js	1491346251682	1491346252149	OK	 
REQUEST	LoadLanding	17		jquery-latest.min.js	1491346251737	1491346252155	OK	 
REQUEST	LoadLanding	3		Chart.min.js	1491346251683	1491346252159	OK	 
REQUEST	LoadLanding	5		bootstrap.min.css	1491346251688	1491346252173	OK	 
USER	LoadLanding	21	START	1491346252179	1491346252179
REQUEST	LoadLanding	21		request_0	1491346252179	1491346252183	OK	 
REQUEST	LoadLanding	21		request_1	1491346252186	1491346252211	OK	 
REQUEST	LoadLanding	21		request_3	1491346252204	1491346252213	OK	 
REQUEST	LoadLanding	21		request_2	1491346252203	1491346252213	OK	 
REQUEST	LoadLanding	1		Chart.js	1491346251690	1491346252231	OK	 
REQUEST	LoadLanding	4		Chart.min.js	1491346251684	1491346252245	OK	 
REQUEST	LoadLanding	8		Chart.js	1491346251685	1491346252246	OK	 
REQUEST	LoadLanding	6		Chart.js	1491346251688	1491346252254	OK	 
REQUEST	LoadLanding	15		bootstrap.min.css	1491346251715	1491346252245	OK	 
REQUEST	LoadLanding	15		bootstrap.min.js	1491346251715	1491346252258	OK	 
REQUEST	LoadLanding	14		Chart.min.js	1491346251694	1491346252266	OK	 
REQUEST	LoadLanding	6		Chart.min.js	1491346251687	1491346252303	OK	 
REQUEST	LoadLanding	20		tether.min.js	1491346252105	1491346252283	OK	 
REQUEST	LoadLanding	13		Chart.js	1491346251694	1491346252314	OK	 
REQUEST	LoadLanding	19		jquery.min.js	1491346252053	1491346252313	OK	 
REQUEST	LoadLanding	20		bootstrap.min.js	1491346252106	1491346252361	OK	 
REQUEST	LoadLanding	5		tether.min.js	1491346251679	1491346252368	OK	 
REQUEST	LoadLanding	12		tether.min.js	1491346251678	1491346252372	OK	 
USER	LoadLanding	22	START	1491346252377	1491346252377
REQUEST	LoadLanding	22		request_0	1491346252377	1491346252382	OK	 
REQUEST	LoadLanding	7		tether.min.js	1491346251680	1491346252382	OK	 
REQUEST	LoadLanding	17		jquery.min.js	1491346251736	1491346252387	OK	 
REQUEST	LoadLanding	22		request_2	1491346252387	1491346252395	OK	 
REQUEST	LoadLanding	22		request_1	1491346252385	1491346252397	OK	 
REQUEST	LoadLanding	22		request_3	1491346252388	1491346252397	OK	 
REQUEST	LoadLanding	5		jquery-latest.min.js	1491346251288	1491346252397	OK	 
REQUEST	LoadLanding	20		bootstrap.min.css	1491346252106	1491346252401	OK	 
REQUEST	LoadLanding	2		tether.min.js	1491346251682	1491346252413	OK	 
REQUEST	LoadLanding	16		Chart.min.js	1491346251712	1491346252423	OK	 
USER	LoadLanding	23	START	1491346252427	1491346252427
REQUEST	LoadLanding	23		request_0	1491346252428	1491346252433	OK	 
REQUEST	LoadLanding	23		request_1	1491346252437	1491346252443	OK	 
REQUEST	LoadLanding	23		request_2	1491346252437	1491346252443	OK	 
REQUEST	LoadLanding	23		request_3	1491346252438	1491346252445	OK	 
REQUEST	LoadLanding	12		jquery-latest.min.js	1491346251429	1491346252458	OK	 
REQUEST	LoadLanding	9		tether.min.js	1491346251683	1491346252474	OK	 
REQUEST	LoadLanding	21		Chart.js	1491346252206	1491346252477	OK	 
REQUEST	LoadLanding	20		Chart.min.js	1491346252106	1491346252490	OK	 
REQUEST	LoadLanding	22		tether.min.js	1491346252389	1491346252503	OK	 
REQUEST	LoadLanding	16		Chart.js	1491346251713	1491346252531	OK	 
REQUEST	LoadLanding	7		bootstrap.min.css	1491346251681	1491346252531	OK	 
REQUEST	LoadLanding	18		Chart.min.js	1491346252016	1491346252544	OK	 
REQUEST	LoadLanding	23		tether.min.js	1491346252439	1491346252544	OK	 
REQUEST	LoadLanding	4		jquery-latest.min.js	1491346251284	1491346252549	OK	 
USER	LoadLanding	24	START	1491346252549	1491346252549
REQUEST	LoadLanding	24		request_0	1491346252550	1491346252555	OK	 
REQUEST	LoadLanding	4		bootstrap.min.css	1491346251684	1491346252564	OK	 
REQUEST	LoadLanding	24		request_1	1491346252557	1491346252567	OK	 
REQUEST	LoadLanding	24		request_3	1491346252559	1491346252572	OK	 
REQUEST	LoadLanding	24		request_2	1491346252558	1491346252572	OK	 
REQUEST	LoadLanding	22		jquery-latest.min.js	1491346252389	1491346252579	OK	 
REQUEST	LoadLanding	23		bootstrap.min.js	1491346252440	1491346252601	OK	 
REQUEST	LoadLanding	22		Chart.min.js	1491346252389	1491346252610	OK	 
REQUEST	LoadLanding	23		jquery-latest.min.js	1491346252438	1491346252616	OK	 
REQUEST	LoadLanding	16		tether.min.js	1491346251712	1491346252624	OK	 
REQUEST	LoadLanding	19		Chart.js	1491346252077	1491346252626	OK	 
REQUEST	LoadLanding	21		jquery.min.js	1491346252185	1491346252634	OK	 
REQUEST	LoadLanding	14		jquery.min.js	1491346251688	1491346252638	OK	 
REQUEST	LoadLanding	19		bootstrap.min.js	1491346252080	1491346252640	OK	 
REQUEST	LoadLanding	22		Chart.js	1491346252390	1491346252648	OK	 
REQUEST	LoadLanding	24		tether.min.js	1491346252560	1491346252650	OK	 
REQUEST	LoadLanding	18		bootstrap.min.js	1491346252017	1491346252666	OK	 
REQUEST	LoadLanding	5		Chart.js	1491346251688	1491346252677	OK	 
USER	LoadLanding	25	START	1491346252679	1491346252679
REQUEST	LoadLanding	24		Chart.min.js	1491346252561	1491346252688	OK	 
REQUEST	LoadLanding	8		Chart.min.js	1491346251685	1491346252688	OK	 
REQUEST	LoadLanding	9		Chart.js	1491346251687	1491346252689	OK	 
REQUEST	LoadLanding	25		request_0	1491346252679	1491346252691	OK	 
REQUEST	LoadLanding	25		request_1	1491346252693	1491346252710	OK	 
REQUEST	LoadLanding	25		request_3	1491346252701	1491346252709	OK	 
REQUEST	LoadLanding	21		jquery-latest.min.js	1491346252205	1491346252711	OK	 
REQUEST	LoadLanding	24		Chart.js	1491346252561	1491346252712	OK	 
REQUEST	LoadLanding	25		request_2	1491346252700	1491346252712	OK	 
REQUEST	LoadLanding	23		jquery.min.js	1491346252436	1491346252718	OK	 
REQUEST	LoadLanding	18		tether.min.js	1491346252015	1491346252721	OK	 
REQUEST	LoadLanding	24		jquery-latest.min.js	1491346252559	1491346252724	OK	 
REQUEST	LoadLanding	19		bootstrap.min.css	1491346252079	1491346252729	OK	 
REQUEST	LoadLanding	23		Chart.min.js	1491346252439	1491346252753	OK	 
REQUEST	LoadLanding	21		bootstrap.min.js	1491346252206	1491346252782	OK	 
REQUEST	LoadLanding	24		bootstrap.min.js	1491346252561	1491346252784	OK	 
REQUEST	LoadLanding	25		tether.min.js	1491346252704	1491346252796	OK	 
USER	LoadLanding	26	START	1491346252799	1491346252799
REQUEST	LoadLanding	26		request_0	1491346252800	1491346252804	OK	 
REQUEST	LoadLanding	10		Chart.js	1491346251685	1491346252808	OK	 
REQUEST	LoadLanding	26		request_2	1491346252810	1491346252823	OK	 
REQUEST	LoadLanding	26		request_1	1491346252809	1491346252824	OK	 
REQUEST	LoadLanding	26		request_3	1491346252812	1491346252828	OK	 
REQUEST	LoadLanding	3		tether.min.js	1491346251678	1491346252829	OK	 
REQUEST	LoadLanding	16		jquery.min.js	1491346251702	1491346252856	OK	 
REQUEST	LoadLanding	25		jquery.min.js	1491346252693	1491346252872	OK	 
REQUEST	LoadLanding	1		Chart.min.js	1491346251680	1491346252883	OK	 
REQUEST	LoadLanding	25		bootstrap.min.js	1491346252706	1491346252884	OK	 
REQUEST	LoadLanding	22		bootstrap.min.js	1491346252392	1491346252890	OK	 
REQUEST	LoadLanding	11		bootstrap.min.css	1491346251682	1491346252896	OK	 
REQUEST	LoadLanding	18		Chart.js	1491346252016	1491346252898	OK	 
REQUEST	LoadLanding	25		jquery-latest.min.js	1491346252702	1491346252899	OK	 
REQUEST	LoadLanding	8		bootstrap.min.css	1491346251685	1491346252926	OK	 
REQUEST	LoadLanding	25		bootstrap.min.css	1491346252705	1491346252929	OK	 
REQUEST	LoadLanding	22		jquery.min.js	1491346252385	1491346252931	OK	 
USER	LoadLanding	27	START	1491346252932	1491346252932
REQUEST	LoadLanding	17		tether.min.js	1491346251738	1491346252933	OK	 
REQUEST	LoadLanding	26		tether.min.js	1491346252820	1491346252936	OK	 
REQUEST	LoadLanding	3		Chart.js	1491346251684	1491346252947	OK	 
REQUEST	LoadLanding	20		Chart.js	1491346252106	1491346252947	OK	 
REQUEST	LoadLanding	27		request_0	1491346252932	1491346252947	OK	 
REQUEST	LoadLanding	25		Chart.min.js	1491346252704	1491346252955	OK	 
REQUEST	LoadLanding	21		tether.min.js	1491346252205	1491346252955	OK	 
REQUEST	LoadLanding	27		request_2	1491346252956	1491346252968	OK	 
REQUEST	LoadLanding	27		request_3	1491346252957	1491346252970	OK	 
REQUEST	LoadLanding	27		request_1	1491346252953	1491346252973	OK	 
REQUEST	LoadLanding	26		jquery-latest.min.js	1491346252818	1491346252975	OK	 
REQUEST	LoadLanding	25		Chart.js	1491346252705	1491346252978	OK	 
REQUEST	LoadLanding	23		Chart.js	1491346252439	1491346252996	OK	 
REQUEST	LoadLanding	13		bootstrap.min.js	1491346251695	1491346253004	OK	 
REQUEST	LoadLanding	26		bootstrap.min.js	1491346252822	1491346253006	OK	 
REQUEST	LoadLanding	21		bootstrap.min.css	1491346252206	1491346253020	OK	 
REQUEST	LoadLanding	24		bootstrap.min.css	1491346252561	1491346253031	OK	 
REQUEST	LoadLanding	26		Chart.js	1491346252821	1491346253035	OK	 
REQUEST	LoadLanding	9		bootstrap.min.css	1491346251693	1491346253049	OK	 
USER	LoadLanding	28	START	1491346253048	1491346253048
REQUEST	LoadLanding	28		request_0	1491346253049	1491346253054	OK	 
REQUEST	LoadLanding	26		bootstrap.min.css	1491346252821	1491346253062	OK	 
REQUEST	LoadLanding	28		request_1	1491346253057	1491346253074	OK	 
REQUEST	LoadLanding	24		jquery.min.js	1491346252557	1491346253081	OK	 
REQUEST	LoadLanding	28		request_2	1491346253057	1491346253082	OK	 
REQUEST	LoadLanding	9		bootstrap.min.js	1491346251694	1491346253086	OK	 
REQUEST	LoadLanding	28		request_3	1491346253059	1491346253087	OK	 
REQUEST	LoadLanding	21		Chart.min.js	1491346252205	1491346253142	OK	 
REQUEST	LoadLanding	14		bootstrap.min.js	1491346251695	1491346253149	OK	 
REQUEST	LoadLanding	27		tether.min.js	1491346252958	1491346253150	OK	 
REQUEST	LoadLanding	6		bootstrap.min.js	1491346251689	1491346253152	OK	 
REQUEST	LoadLanding	18		jquery.min.js	1491346251885	1491346253169	OK	 
REQUEST	LoadLanding	26		Chart.min.js	1491346252820	1491346253179	OK	 
REQUEST	LoadLanding	15		jquery.min.js	1491346251707	1491346253197	OK	 
USER	LoadLanding	29	START	1491346253199	1491346253199
REQUEST	LoadLanding	29		request_0	1491346253199	1491346253204	OK	 
REQUEST	LoadLanding	29		request_1	1491346253208	1491346253213	OK	 
REQUEST	LoadLanding	29		request_2	1491346253209	1491346253214	OK	 
REQUEST	LoadLanding	29		request_3	1491346253209	1491346253215	OK	 
REQUEST	LoadLanding	23		bootstrap.min.css	1491346252440	1491346253227	OK	 
REQUEST	LoadLanding	11		Chart.js	1491346251681	1491346253238	OK	 
REQUEST	LoadLanding	27		Chart.min.js	1491346252958	1491346253239	OK	 
REQUEST	LoadLanding	17		bootstrap.min.js	1491346251739	1491346253244	OK	 
REQUEST	LoadLanding	27		jquery-latest.min.js	1491346252957	1491346253247	OK	 
REQUEST	LoadLanding	14		bootstrap.min.css	1491346251695	1491346253249	OK	 
REQUEST	LoadLanding	12		Chart.js	1491346251681	1491346253254	OK	 
REQUEST	LoadLanding	4		Chart.js	1491346251684	1491346253255	OK	 
REQUEST	LoadLanding	27		jquery.min.js	1491346252952	1491346253265	OK	 
REQUEST	LoadLanding	27		Chart.js	1491346252959	1491346253266	OK	 
REQUEST	LoadLanding	5		bootstrap.min.js	1491346251690	1491346253270	OK	 
REQUEST	LoadLanding	28		tether.min.js	1491346253060	1491346253294	OK	 
REQUEST	LoadLanding	13		jquery-latest.min.js	1491346251692	1491346253298	OK	 
REQUEST	LoadLanding	13		jquery.min.js	1491346251683	1491346253302	OK	 
REQUEST	LoadLanding	27		bootstrap.min.js	1491346252959	1491346253310	OK	 
REQUEST	LoadLanding	28		bootstrap.min.js	1491346253066	1491346253314	OK	 
USER	LoadLanding	30	START	1491346253330	1491346253330
REQUEST	LoadLanding	30		request_0	1491346253330	1491346253334	OK	 
REQUEST	LoadLanding	16		bootstrap.min.css	1491346251714	1491346253336	OK	 
REQUEST	LoadLanding	29		tether.min.js	1491346253210	1491346253338	OK	 
REQUEST	LoadLanding	30		request_3	1491346253337	1491346253343	OK	 
REQUEST	LoadLanding	30		request_1	1491346253336	1491346253343	OK	 
REQUEST	LoadLanding	30		request_2	1491346253337	1491346253343	OK	 
REQUEST	LoadLanding	7		Chart.js	1491346251681	1491346253348	OK	 
REQUEST	LoadLanding	28		jquery-latest.min.js	1491346253059	1491346253367	OK	 
REQUEST	LoadLanding	28		Chart.min.js	1491346253061	1491346253369	OK	 
REQUEST	LoadLanding	27		bootstrap.min.css	1491346252959	1491346253371	OK	 
REQUEST	LoadLanding	28		jquery.min.js	1491346253056	1491346253372	OK	 
REQUEST	LoadLanding	29		jquery-latest.min.js	1491346253210	1491346253391	OK	 
REQUEST	LoadLanding	11		tether.min.js	1491346251678	1491346253401	OK	 
REQUEST	LoadLanding	11		jquery-latest.min.js	1491346251288	1491346253416	OK	 
REQUEST	LoadLanding	17		bootstrap.min.css	1491346251739	1491346253423	OK	 
REQUEST	LoadLanding	28		Chart.js	1491346253064	1491346253429	OK	 
REQUEST	LoadLanding	20		jquery.min.js	1491346252100	1491346253438	OK	 
USER	LoadLanding	31	START	1491346253446	1491346253446
REQUEST	LoadLanding	31		request_0	1491346253447	1491346253451	OK	 
REQUEST	LoadLanding	31		request_1	1491346253455	1491346253463	OK	 
REQUEST	LoadLanding	31		request_2	1491346253456	1491346253467	OK	 
REQUEST	LoadLanding	31		request_3	1491346253456	1491346253471	OK	 
REQUEST	LoadLanding	26		jquery.min.js	1491346252807	1491346253482	OK	 
REQUEST	LoadLanding	28		bootstrap.min.css	1491346253065	1491346253484	OK	 
REQUEST	LoadLanding	18		bootstrap.min.css	1491346252016	1491346253491	OK	 
REQUEST	LoadLanding	29		Chart.min.js	1491346253211	1491346253527	OK	 
REQUEST	LoadLanding	29		Chart.js	1491346253211	1491346253534	OK	 
REQUEST	LoadLanding	16		jquery-latest.min.js	1491346251707	1491346253541	OK	 
REQUEST	LoadLanding	29		jquery.min.js	1491346253208	1491346253554	OK	 
REQUEST	LoadLanding	30		tether.min.js	1491346253338	1491346253560	OK	 
REQUEST	LoadLanding	12		Chart.min.js	1491346251679	1491346253571	OK	 
REQUEST	LoadLanding	1		bootstrap.min.css	1491346251690	1491346253573	OK	 
REQUEST	LoadLanding	29		bootstrap.min.js	1491346253211	1491346253573	OK	 
REQUEST	LoadLanding	2		bootstrap.min.css	1491346251687	1491346253574	OK	 
USER	LoadLanding	32	START	1491346253579	1491346253579
REQUEST	LoadLanding	32		request_0	1491346253580	1491346253583	OK	 
REQUEST	LoadLanding	30		jquery-latest.min.js	1491346253338	1491346253587	OK	 
REQUEST	LoadLanding	32		request_3	1491346253586	1491346253590	OK	 
REQUEST	LoadLanding	32		request_2	1491346253585	1491346253590	OK	 
REQUEST	LoadLanding	32		request_1	1491346253585	1491346253590	OK	 
REQUEST	LoadLanding	30		bootstrap.min.js	1491346253340	1491346253603	OK	 
REQUEST	LoadLanding	31		tether.min.js	1491346253457	1491346253610	OK	 
REQUEST	LoadLanding	30		jquery.min.js	1491346253336	1491346253612	OK	 
REQUEST	LoadLanding	14		jquery-latest.min.js	1491346251692	1491346253627	OK	 
REQUEST	LoadLanding	29		bootstrap.min.css	1491346253211	1491346253630	OK	 
REQUEST	LoadLanding	1		jquery-latest.min.js	1491346251282	1491346253636	OK	 
REQUEST	LoadLanding	4		bootstrap.min.js	1491346251684	1491346253657	OK	 
REQUEST	LoadLanding	30		Chart.min.js	1491346253339	1491346253657	OK	 
REQUEST	LoadLanding	9		jquery-latest.min.js	1491346251296	1491346253665	OK	 
REQUEST	LoadLanding	30		bootstrap.min.css	1491346253339	1491346253671	OK	 
REQUEST	LoadLanding	30		Chart.js	1491346253339	1491346253672	OK	 
REQUEST	LoadLanding	1		bootstrap.min.js	1491346251690	1491346253679	OK	 
REQUEST	LoadLanding	32		tether.min.js	1491346253587	1491346253698	OK	 
USER	LoadLanding	33	START	1491346253700	1491346253700
REQUEST	LoadLanding	33		request_0	1491346253700	1491346253703	OK	 
REQUEST	LoadLanding	31		Chart.min.js	1491346253458	1491346253708	OK	 
REQUEST	LoadLanding	33		request_3	1491346253706	1491346253712	OK	 
REQUEST	LoadLanding	33		request_2	1491346253706	1491346253712	OK	 
REQUEST	LoadLanding	33		request_1	1491346253705	1491346253713	OK	 
REQUEST	LoadLanding	32		jquery.min.js	1491346253585	1491346253729	OK	 
REQUEST	LoadLanding	31		bootstrap.min.css	1491346253459	1491346253761	OK	 
REQUEST	LoadLanding	32		jquery-latest.min.js	1491346253586	1491346253767	OK	 
REQUEST	LoadLanding	18		jquery-latest.min.js	1491346252015	1491346253787	OK	 
REQUEST	LoadLanding	32		Chart.min.js	1491346253587	1491346253787	OK	 
REQUEST	LoadLanding	33		tether.min.js	1491346253707	1491346253798	OK	 
REQUEST	LoadLanding	20		jquery-latest.min.js	1491346252105	1491346253816	OK	 
REQUEST	LoadLanding	32		bootstrap.min.js	1491346253588	1491346253818	OK	 
REQUEST	LoadLanding	7		jquery-latest.min.js	1491346251288	1491346253822	OK	 
REQUEST	LoadLanding	32		Chart.js	1491346253587	1491346253824	OK	 
USER	LoadLanding	34	START	1491346253826	1491346253826
REQUEST	LoadLanding	10		tether.min.js	1491346251684	1491346253830	OK	 
REQUEST	LoadLanding	34		request_0	1491346253827	1491346253831	OK	 
REQUEST	LoadLanding	10		bootstrap.min.css	1491346251685	1491346253836	OK	 
REQUEST	LoadLanding	10		Chart.min.js	1491346251685	1491346253843	OK	 
REQUEST	LoadLanding	34		request_1	1491346253834	1491346253845	OK	 
REQUEST	LoadLanding	34		request_2	1491346253834	1491346253849	OK	 
REQUEST	LoadLanding	34		request_3	1491346253835	1491346253850	OK	 
REQUEST	LoadLanding	33		Chart.min.js	1491346253707	1491346253852	OK	 
REQUEST	LoadLanding	32		bootstrap.min.css	1491346253588	1491346253855	OK	 
REQUEST	LoadLanding	33		jquery-latest.min.js	1491346253707	1491346253867	OK	 
REQUEST	LoadLanding	33		Chart.js	1491346253708	1491346253868	OK	 
REQUEST	LoadLanding	33		jquery.min.js	1491346253705	1491346253872	OK	 
REQUEST	LoadLanding	31		Chart.js	1491346253458	1491346253875	OK	 
REQUEST	LoadLanding	31		jquery-latest.min.js	1491346253457	1491346253923	OK	 
REQUEST	LoadLanding	34		tether.min.js	1491346253836	1491346253939	OK	 
REQUEST	LoadLanding	33		bootstrap.min.js	1491346253709	1491346253944	OK	 
USER	LoadLanding	35	START	1491346253951	1491346253951
REQUEST	LoadLanding	34		jquery.min.js	1491346253833	1491346253956	OK	 
REQUEST	LoadLanding	31		jquery.min.js	1491346253454	1491346253958	OK	 
REQUEST	LoadLanding	33		bootstrap.min.css	1491346253708	1491346253960	OK	 
REQUEST	LoadLanding	35		request_0	1491346253951	1491346253965	OK	 
REQUEST	LoadLanding	2		Chart.js	1491346251684	1491346253980	OK	 
REQUEST	LoadLanding	34		jquery-latest.min.js	1491346253836	1491346253979	OK	 
REQUEST	LoadLanding	35		request_1	1491346253968	1491346253983	OK	 
REQUEST	LoadLanding	35		request_3	1491346253976	1491346253989	OK	 
REQUEST	LoadLanding	35		request_2	1491346253976	1491346253990	OK	 
REQUEST	LoadLanding	22		bootstrap.min.css	1491346252391	1491346253994	OK	 
REQUEST	LoadLanding	34		Chart.min.js	1491346253837	1491346253998	OK	 
REQUEST	LoadLanding	34		Chart.js	1491346253838	1491346254022	OK	 
REQUEST	LoadLanding	11		Chart.min.js	1491346251680	1491346254037	OK	 
REQUEST	LoadLanding	31		bootstrap.min.js	1491346253459	1491346254041	OK	 
REQUEST	LoadLanding	35		tether.min.js	1491346253977	1491346254061	OK	 
REQUEST	LoadLanding	34		bootstrap.min.js	1491346253839	1491346254063	OK	 
REQUEST	LoadLanding	1		tether.min.js	1491346251679	1491346254077	OK	 
USER	LoadLanding	36	START	1491346254081	1491346254081
REQUEST	LoadLanding	36		request_0	1491346254081	1491346254085	OK	 
REQUEST	LoadLanding	36		request_1	1491346254087	1491346254092	OK	 
REQUEST	LoadLanding	36		request_2	1491346254087	1491346254098	OK	 
REQUEST	LoadLanding	36		request_3	1491346254088	1491346254100	OK	 
REQUEST	LoadLanding	13		bootstrap.min.css	1491346251694	1491346254120	OK	 
REQUEST	LoadLanding	34		bootstrap.min.css	1491346253838	1491346254161	OK	 
REQUEST	LoadLanding	35		jquery-latest.min.js	1491346253977	1491346254169	OK	 
REQUEST	LoadLanding	35		bootstrap.min.js	1491346253978	1491346254170	OK	 
USER	LoadLanding	37	START	1491346254182	1491346254182
REQUEST	LoadLanding	37		request_0	1491346254182	1491346254186	OK	 
REQUEST	LoadLanding	37		request_1	1491346254188	1491346254195	OK	 
REQUEST	LoadLanding	37		request_3	1491346254189	1491346254199	OK	 
REQUEST	LoadLanding	37		request_2	1491346254189	1491346254202	OK	 
REQUEST	LoadLanding	35		jquery.min.js	1491346253967	1491346254206	OK	 
REQUEST	LoadLanding	35		Chart.min.js	1491346253978	1491346254226	OK	 
REQUEST	LoadLanding	35		bootstrap.min.css	1491346253978	1491346254228	OK	 
REQUEST	LoadLanding	36		tether.min.js	1491346254088	1491346254235	OK	 
REQUEST	LoadLanding	37		tether.min.js	1491346254190	1491346254264	OK	 
REQUEST	LoadLanding	36		Chart.min.js	1491346254088	1491346254274	OK	 
REQUEST	LoadLanding	35		Chart.js	1491346253978	1491346254276	OK	 
REQUEST	LoadLanding	36		jquery-latest.min.js	1491346254088	1491346254288	OK	 
USER	LoadLanding	38	START	1491346254291	1491346254291
REQUEST	LoadLanding	36		jquery.min.js	1491346254086	1491346254296	OK	 
REQUEST	LoadLanding	36		Chart.js	1491346254089	1491346254298	OK	 
REQUEST	LoadLanding	38		request_0	1491346254291	1491346254299	OK	 
REQUEST	LoadLanding	38		request_2	1491346254306	1491346254313	OK	 
REQUEST	LoadLanding	38		request_1	1491346254302	1491346254314	OK	 
REQUEST	LoadLanding	38		request_3	1491346254306	1491346254314	OK	 
REQUEST	LoadLanding	37		Chart.min.js	1491346254191	1491346254325	OK	 
REQUEST	LoadLanding	36		bootstrap.min.js	1491346254089	1491346254328	OK	 
REQUEST	LoadLanding	37		jquery.min.js	1491346254188	1491346254334	OK	 
REQUEST	LoadLanding	37		Chart.js	1491346254193	1491346254344	OK	 
REQUEST	LoadLanding	37		jquery-latest.min.js	1491346254190	1491346254353	OK	 
REQUEST	LoadLanding	7		bootstrap.min.js	1491346251689	1491346254360	OK	 
REQUEST	LoadLanding	38		tether.min.js	1491346254307	1491346254393	OK	 
USER	LoadLanding	39	START	1491346254397	1491346254397
REQUEST	LoadLanding	36		bootstrap.min.css	1491346254089	1491346254399	OK	 
REQUEST	LoadLanding	39		request_0	1491346254397	1491346254401	OK	 
REQUEST	LoadLanding	39		request_1	1491346254403	1491346254408	OK	 
REQUEST	LoadLanding	39		request_2	1491346254404	1491346254410	OK	 
REQUEST	LoadLanding	39		request_3	1491346254404	1491346254410	OK	 
REQUEST	LoadLanding	37		bootstrap.min.js	1491346254194	1491346254429	OK	 
REQUEST	LoadLanding	12		bootstrap.min.js	1491346251682	1491346254434	OK	 
REQUEST	LoadLanding	37		bootstrap.min.css	1491346254194	1491346254447	OK	 
REQUEST	LoadLanding	38		jquery.min.js	1491346254301	1491346254458	OK	 
REQUEST	LoadLanding	38		bootstrap.min.js	1491346254308	1491346254461	OK	 
REQUEST	LoadLanding	3		bootstrap.min.css	1491346251684	1491346254463	OK	 
REQUEST	LoadLanding	38		jquery-latest.min.js	1491346254307	1491346254472	OK	 
REQUEST	LoadLanding	12		bootstrap.min.css	1491346251681	1491346254480	OK	 
REQUEST	LoadLanding	38		Chart.min.js	1491346254307	1491346254490	OK	 
REQUEST	LoadLanding	39		tether.min.js	1491346254405	1491346254494	OK	 
REQUEST	LoadLanding	2		Chart.min.js	1491346251683	1491346254500	OK	 
USER	LoadLanding	40	START	1491346254509	1491346254509
REQUEST	LoadLanding	38		Chart.js	1491346254308	1491346254513	OK	 
REQUEST	LoadLanding	40		request_0	1491346254509	1491346254513	OK	 
REQUEST	LoadLanding	40		request_3	1491346254516	1491346254521	OK	 
REQUEST	LoadLanding	40		request_1	1491346254515	1491346254521	OK	 
REQUEST	LoadLanding	40		request_2	1491346254516	1491346254522	OK	 
REQUEST	LoadLanding	8		tether.min.js	1491346251685	1491346254523	OK	 
REQUEST	LoadLanding	38		bootstrap.min.css	1491346254308	1491346254529	OK	 
REQUEST	LoadLanding	39		jquery-latest.min.js	1491346254405	1491346254546	OK	 
REQUEST	LoadLanding	39		Chart.min.js	1491346254406	1491346254556	OK	 
REQUEST	LoadLanding	39		Chart.js	1491346254406	1491346254570	OK	 
REQUEST	LoadLanding	39		jquery.min.js	1491346254403	1491346254572	OK	 
REQUEST	LoadLanding	5		Chart.min.js	1491346251680	1491346254578	OK	 
REQUEST	LoadLanding	9		Chart.min.js	1491346251686	1491346254583	OK	 
REQUEST	LoadLanding	39		bootstrap.min.js	1491346254406	1491346254594	OK	 
REQUEST	LoadLanding	40		tether.min.js	1491346254517	1491346254604	OK	 
USER	LoadLanding	41	START	1491346254620	1491346254620
REQUEST	LoadLanding	41		request_0	1491346254620	1491346254626	OK	 
REQUEST	LoadLanding	41		request_1	1491346254628	1491346254634	OK	 
REQUEST	LoadLanding	41		request_2	1491346254628	1491346254636	OK	 
REQUEST	LoadLanding	41		request_3	1491346254629	1491346254636	OK	 
REQUEST	LoadLanding	40		Chart.min.js	1491346254518	1491346254662	OK	 
REQUEST	LoadLanding	40		jquery-latest.min.js	1491346254516	1491346254666	OK	 
REQUEST	LoadLanding	40		bootstrap.min.js	1491346254518	1491346254668	OK	 
REQUEST	LoadLanding	40		Chart.js	1491346254518	1491346254684	OK	 
REQUEST	LoadLanding	40		jquery.min.js	1491346254515	1491346254686	OK	 
REQUEST	LoadLanding	7		Chart.min.js	1491346251680	1491346254687	OK	 
REQUEST	LoadLanding	39		bootstrap.min.css	1491346254406	1491346254698	OK	 
REQUEST	LoadLanding	40		bootstrap.min.css	1491346254518	1491346254722	OK	 
REQUEST	LoadLanding	41		tether.min.js	1491346254630	1491346254727	OK	 
USER	LoadLanding	42	START	1491346254734	1491346254734
REQUEST	LoadLanding	42		request_0	1491346254734	1491346254739	OK	 
REQUEST	LoadLanding	42		request_1	1491346254741	1491346254751	OK	 
REQUEST	LoadLanding	42		request_3	1491346254741	1491346254754	OK	 
REQUEST	LoadLanding	42		request_2	1491346254741	1491346254754	OK	 
REQUEST	LoadLanding	17		Chart.min.js	1491346251738	1491346254768	OK	 
REQUEST	LoadLanding	41		bootstrap.min.js	1491346254630	1491346254774	OK	 
REQUEST	LoadLanding	41		jquery-latest.min.js	1491346254629	1491346254780	OK	 
REQUEST	LoadLanding	41		Chart.min.js	1491346254630	1491346254782	OK	 
REQUEST	LoadLanding	41		Chart.js	1491346254630	1491346254799	OK	 
REQUEST	LoadLanding	41		jquery.min.js	1491346254628	1491346254813	OK	 
REQUEST	LoadLanding	16		bootstrap.min.js	1491346251714	1491346254815	OK	 
REQUEST	LoadLanding	15		tether.min.js	1491346251714	1491346254831	OK	 
USER	LoadLanding	43	START	1491346254839	1491346254839
REQUEST	LoadLanding	17		Chart.js	1491346251739	1491346254845	OK	 
REQUEST	LoadLanding	43		request_0	1491346254839	1491346254847	OK	 
REQUEST	LoadLanding	42		tether.min.js	1491346254744	1491346254847	OK	 
REQUEST	LoadLanding	43		request_2	1491346254850	1491346254856	OK	 
REQUEST	LoadLanding	43		request_1	1491346254850	1491346254858	OK	 
REQUEST	LoadLanding	41		bootstrap.min.css	1491346254630	1491346254859	OK	 
REQUEST	LoadLanding	43		request_3	1491346254851	1491346254861	OK	 
REQUEST	LoadLanding	14		Chart.js	1491346251694	1491346254867	OK	 
REQUEST	LoadLanding	42		jquery-latest.min.js	1491346254743	1491346254883	OK	 
REQUEST	LoadLanding	15		Chart.min.js	1491346251715	1491346254891	OK	 
REQUEST	LoadLanding	42		jquery.min.js	1491346254741	1491346254912	OK	 
REQUEST	LoadLanding	15		Chart.js	1491346251715	1491346254920	OK	 
REQUEST	LoadLanding	42		Chart.min.js	1491346254744	1491346254922	OK	 
USER	LoadLanding	44	START	1491346254949	1491346254949
REQUEST	LoadLanding	43		tether.min.js	1491346254852	1491346254949	OK	 
REQUEST	LoadLanding	44		request_0	1491346254949	1491346254955	OK	 
REQUEST	LoadLanding	44		request_2	1491346254958	1491346254965	OK	 
REQUEST	LoadLanding	44		request_1	1491346254958	1491346254967	OK	 
REQUEST	LoadLanding	44		request_3	1491346254958	1491346254967	OK	 
REQUEST	LoadLanding	42		bootstrap.min.css	1491346254745	1491346254968	OK	 
REQUEST	LoadLanding	42		bootstrap.min.js	1491346254745	1491346254984	OK	 
REQUEST	LoadLanding	43		bootstrap.min.js	1491346254853	1491346255002	OK	 
REQUEST	LoadLanding	25		request_4	1491346255004	1491346255007	OK	 
REQUEST	LoadLanding	25		request_5	1491346255010	1491346255014	OK	 
REQUEST	LoadLanding	43		Chart.min.js	1491346254852	1491346255015	OK	 
REQUEST	LoadLanding	42		Chart.js	1491346254744	1491346255018	OK	 
REQUEST	LoadLanding	43		jquery.min.js	1491346254849	1491346255027	OK	 
REQUEST	LoadLanding	43		jquery-latest.min.js	1491346254852	1491346255048	OK	 
REQUEST	LoadLanding	25		tether.min.js	1491346255010	1491346255050	OK	 
REQUEST	LoadLanding	43		Chart.js	1491346254853	1491346255059	OK	 
REQUEST	LoadLanding	43		bootstrap.min.css	1491346254853	1491346255060	OK	 
USER	LoadLanding	45	START	1491346255062	1491346255062
REQUEST	LoadLanding	45		request_0	1491346255062	1491346255066	OK	 
REQUEST	LoadLanding	45		request_1	1491346255068	1491346255073	OK	 
REQUEST	LoadLanding	45		request_2	1491346255068	1491346255074	OK	 
REQUEST	LoadLanding	45		request_3	1491346255068	1491346255074	OK	 
REQUEST	LoadLanding	44		tether.min.js	1491346254959	1491346255098	OK	 
REQUEST	LoadLanding	24		request_4	1491346255096	1491346255105	OK	 
REQUEST	LoadLanding	24		request_5	1491346255110	1491346255114	OK	 
REQUEST	LoadLanding	21		request_4	1491346255161	1491346255163	OK	 
REQUEST	LoadLanding	21		request_5	1491346255166	1491346255169	OK	 
REQUEST	LoadLanding	6		request_4	1491346255171	1491346255174	OK	 
REQUEST	LoadLanding	6		request_5	1491346255176	1491346255179	OK	 
USER	LoadLanding	46	START	1491346255181	1491346255181
REQUEST	LoadLanding	46		request_0	1491346255181	1491346255185	OK	 
REQUEST	LoadLanding	24		tether.min.js	1491346255110	1491346255185	OK	 
REQUEST	LoadLanding	46		request_1	1491346255187	1491346255193	OK	 
REQUEST	LoadLanding	46		request_2	1491346255187	1491346255194	OK	 
REQUEST	LoadLanding	46		request_3	1491346255188	1491346255195	OK	 
REQUEST	LoadLanding	44		jquery-latest.min.js	1491346254958	1491346255214	OK	 
REQUEST	LoadLanding	21		tether.min.js	1491346255166	1491346255219	OK	 
REQUEST	LoadLanding	6		tether.min.js	1491346255176	1491346255222	OK	 
REQUEST	LoadLanding	44		Chart.js	1491346254959	1491346255237	OK	 
REQUEST	LoadLanding	44		Chart.min.js	1491346254959	1491346255237	OK	 
REQUEST	LoadLanding	44		jquery.min.js	1491346254957	1491346255238	OK	 
REQUEST	LoadLanding	23		request_4	1491346255242	1491346255245	OK	 
REQUEST	LoadLanding	23		request_5	1491346255247	1491346255251	OK	 
REQUEST	LoadLanding	19		tether.min.js	1491346252069	1491346255260	OK	 
REQUEST	LoadLanding	45		tether.min.js	1491346255069	1491346255262	OK	 
REQUEST	LoadLanding	19		jquery-latest.min.js	1491346252069	1491346255281	OK	 
REQUEST	LoadLanding	45		jquery-latest.min.js	1491346255068	1491346255284	OK	 
REQUEST	LoadLanding	23		tether.min.js	1491346255248	1491346255293	OK	 
USER	LoadLanding	47	START	1491346255297	1491346255297
REQUEST	LoadLanding	47		request_0	1491346255297	1491346255303	OK	 
REQUEST	LoadLanding	44		bootstrap.min.js	1491346254960	1491346255306	OK	 
REQUEST	LoadLanding	47		request_1	1491346255307	1491346255313	OK	 
REQUEST	LoadLanding	47		request_2	1491346255307	1491346255315	OK	 
REQUEST	LoadLanding	47		request_3	1491346255307	1491346255318	OK	 
REQUEST	LoadLanding	46		tether.min.js	1491346255189	1491346255324	OK	 
REQUEST	LoadLanding	19		Chart.min.js	1491346252074	1491346255335	OK	 
REQUEST	LoadLanding	45		Chart.min.js	1491346255069	1491346255337	OK	 
REQUEST	LoadLanding	45		jquery.min.js	1491346255067	1491346255342	OK	 
REQUEST	LoadLanding	45		bootstrap.min.js	1491346255070	1491346255356	OK	 
REQUEST	LoadLanding	45		Chart.js	1491346255069	1491346255363	OK	 
REQUEST	LoadLanding	44		bootstrap.min.css	1491346254960	1491346255383	OK	 
REQUEST	LoadLanding	27		request_4	1491346255387	1491346255390	OK	 
REQUEST	LoadLanding	27		request_5	1491346255392	1491346255395	OK	 
REQUEST	LoadLanding	46		Chart.min.js	1491346255189	1491346255399	OK	 
REQUEST	LoadLanding	46		jquery-latest.min.js	1491346255188	1491346255403	OK	 
USER	LoadLanding	48	START	1491346255429	1491346255429
REQUEST	LoadLanding	46		Chart.js	1491346255190	1491346255429	OK	 
REQUEST	LoadLanding	46		jquery.min.js	1491346255187	1491346255431	OK	 
REQUEST	LoadLanding	45		bootstrap.min.css	1491346255070	1491346255432	OK	 
REQUEST	LoadLanding	27		tether.min.js	1491346255392	1491346255433	OK	 
REQUEST	LoadLanding	48		request_0	1491346255429	1491346255433	OK	 
REQUEST	LoadLanding	48		request_1	1491346255436	1491346255440	OK	 
REQUEST	LoadLanding	48		request_3	1491346255436	1491346255441	OK	 
REQUEST	LoadLanding	48		request_2	1491346255436	1491346255444	OK	 
REQUEST	LoadLanding	47		tether.min.js	1491346255308	1491346255457	OK	 
REQUEST	LoadLanding	46		bootstrap.min.js	1491346255190	1491346255474	OK	 
REQUEST	LoadLanding	28		request_4	1491346255499	1491346255502	OK	 
REQUEST	LoadLanding	26		request_4	1491346255499	1491346255502	OK	 
REQUEST	LoadLanding	26		request_5	1491346255504	1491346255508	OK	 
REQUEST	LoadLanding	28		request_5	1491346255504	1491346255508	OK	 
REQUEST	LoadLanding	47		jquery-latest.min.js	1491346255308	1491346255511	OK	 
REQUEST	LoadLanding	47		Chart.min.js	1491346255308	1491346255516	OK	 
REQUEST	LoadLanding	47		jquery.min.js	1491346255306	1491346255517	OK	 
REQUEST	LoadLanding	46		bootstrap.min.css	1491346255190	1491346255520	OK	 
REQUEST	LoadLanding	26		tether.min.js	1491346255504	1491346255531	OK	 
REQUEST	LoadLanding	47		Chart.js	1491346255308	1491346255536	OK	 
REQUEST	LoadLanding	28		tether.min.js	1491346255504	1491346255537	OK	 
USER	LoadLanding	49	START	1491346255549	1491346255549
REQUEST	LoadLanding	48		tether.min.js	1491346255437	1491346255551	OK	 
REQUEST	LoadLanding	49		request_0	1491346255550	1491346255553	OK	 
REQUEST	LoadLanding	49		request_1	1491346255555	1491346255561	OK	 
REQUEST	LoadLanding	49		request_3	1491346255556	1491346255562	OK	 
REQUEST	LoadLanding	49		request_2	1491346255556	1491346255563	OK	 
REQUEST	LoadLanding	47		bootstrap.min.css	1491346255309	1491346255565	OK	 
REQUEST	LoadLanding	47		bootstrap.min.js	1491346255309	1491346255584	OK	 
REQUEST	LoadLanding	48		bootstrap.min.js	1491346255438	1491346255586	OK	 
REQUEST	LoadLanding	48		Chart.min.js	1491346255437	1491346255597	OK	 
REQUEST	LoadLanding	48		jquery.min.js	1491346255435	1491346255618	OK	 
REQUEST	LoadLanding	48		jquery-latest.min.js	1491346255437	1491346255624	OK	 
REQUEST	LoadLanding	48		Chart.js	1491346255438	1491346255628	OK	 
REQUEST	LoadLanding	49		tether.min.js	1491346255557	1491346255645	OK	 
REQUEST	LoadLanding	29		request_4	1491346255646	1491346255649	OK	 
REQUEST	LoadLanding	29		request_5	1491346255652	1491346255656	OK	 
REQUEST	LoadLanding	4		request_4	1491346255667	1491346255670	OK	 
REQUEST	LoadLanding	4		request_5	1491346255672	1491346255676	OK	 
USER	LoadLanding	50	START	1491346255676	1491346255676
REQUEST	LoadLanding	49		Chart.min.js	1491346255557	1491346255681	OK	 
REQUEST	LoadLanding	50		request_0	1491346255677	1491346255682	OK	 
REQUEST	LoadLanding	48		bootstrap.min.css	1491346255438	1491346255684	OK	 
REQUEST	LoadLanding	50		request_2	1491346255685	1491346255693	OK	 
REQUEST	LoadLanding	30		request_4	1491346255689	1491346255696	OK	 
REQUEST	LoadLanding	29		tether.min.js	1491346255652	1491346255699	OK	 
REQUEST	LoadLanding	50		request_1	1491346255685	1491346255702	OK	 
REQUEST	LoadLanding	50		request_3	1491346255685	1491346255705	OK	 
REQUEST	LoadLanding	30		request_5	1491346255698	1491346255705	OK	 
REQUEST	LoadLanding	49		jquery-latest.min.js	1491346255557	1491346255706	OK	 
REQUEST	LoadLanding	49		jquery.min.js	1491346255555	1491346255709	OK	 
REQUEST	LoadLanding	49		Chart.js	1491346255557	1491346255711	OK	 
REQUEST	LoadLanding	4		tether.min.js	1491346255672	1491346255722	OK	 
REQUEST	LoadLanding	30		tether.min.js	1491346255698	1491346255747	OK	 
REQUEST	LoadLanding	49		bootstrap.min.js	1491346255558	1491346255756	OK	 
REQUEST	LoadLanding	50		tether.min.js	1491346255686	1491346255785	OK	 
REQUEST	LoadLanding	49		bootstrap.min.css	1491346255557	1491346255792	OK	 
USER	LoadLanding	51	START	1491346255801	1491346255801
REQUEST	LoadLanding	18		request_4	1491346255801	1491346255804	OK	 
REQUEST	LoadLanding	51		request_0	1491346255801	1491346255804	OK	 
REQUEST	LoadLanding	51		request_1	1491346255806	1491346255813	OK	 
REQUEST	LoadLanding	51		request_3	1491346255806	1491346255813	OK	 
REQUEST	LoadLanding	51		request_2	1491346255806	1491346255814	OK	 
REQUEST	LoadLanding	18		request_5	1491346255806	1491346255815	OK	 
REQUEST	LoadLanding	50		Chart.min.js	1491346255686	1491346255823	OK	 
REQUEST	LoadLanding	20		request_4	1491346255831	1491346255834	OK	 
REQUEST	LoadLanding	20		request_5	1491346255836	1491346255839	OK	 
REQUEST	LoadLanding	50		Chart.js	1491346255686	1491346255843	OK	 
REQUEST	LoadLanding	50		jquery-latest.min.js	1491346255686	1491346255846	OK	 
REQUEST	LoadLanding	50		jquery.min.js	1491346255685	1491346255852	OK	 
REQUEST	LoadLanding	10		request_4	1491346255856	1491346255859	OK	 
REQUEST	LoadLanding	20		tether.min.js	1491346255836	1491346255860	OK	 
REQUEST	LoadLanding	10		request_5	1491346255860	1491346255863	OK	 
REQUEST	LoadLanding	18		tether.min.js	1491346255806	1491346255866	OK	 
REQUEST	LoadLanding	32		request_4	1491346255866	1491346255869	OK	 
REQUEST	LoadLanding	32		request_5	1491346255871	1491346255874	OK	 
REQUEST	LoadLanding	50		bootstrap.min.js	1491346255687	1491346255878	OK	 
REQUEST	LoadLanding	51		tether.min.js	1491346255807	1491346255886	OK	 
REQUEST	LoadLanding	32		tether.min.js	1491346255871	1491346255905	OK	 
REQUEST	LoadLanding	50		bootstrap.min.css	1491346255687	1491346255911	OK	 
USER	LoadLanding	52	START	1491346255927	1491346255927
REQUEST	LoadLanding	51		jquery.min.js	1491346255806	1491346255931	OK	 
REQUEST	LoadLanding	52		request_0	1491346255927	1491346255931	OK	 
REQUEST	LoadLanding	52		request_1	1491346255933	1491346255947	OK	 
REQUEST	LoadLanding	52		request_2	1491346255934	1491346255948	OK	 
REQUEST	LoadLanding	51		bootstrap.min.js	1491346255808	1491346255950	OK	 
REQUEST	LoadLanding	51		Chart.js	1491346255807	1491346255953	OK	 
REQUEST	LoadLanding	52		request_3	1491346255934	1491346255955	OK	 
REQUEST	LoadLanding	51		Chart.min.js	1491346255807	1491346255972	OK	 
REQUEST	LoadLanding	51		jquery-latest.min.js	1491346255807	1491346255978	OK	 
REQUEST	LoadLanding	33		request_4	1491346255978	1491346255980	OK	 
REQUEST	LoadLanding	33		request_5	1491346255982	1491346255985	OK	 
REQUEST	LoadLanding	33		tether.min.js	1491346255982	1491346256010	OK	 
REQUEST	LoadLanding	51		bootstrap.min.css	1491346255808	1491346256010	OK	 
REQUEST	LoadLanding	22		request_4	1491346256008	1491346256012	OK	 
REQUEST	LoadLanding	22		request_5	1491346256013	1491346256017	OK	 
REQUEST	LoadLanding	22		tether.min.js	1491346256014	1491346256043	OK	 
USER	LoadLanding	53	START	1491346256048	1491346256048
REQUEST	LoadLanding	15		jquery-latest.min.js	1491346251713	1491346256052	OK	 
REQUEST	LoadLanding	10		tether.min.js	1491346255861	1491346256068	OK	 
REQUEST	LoadLanding	52		Chart.min.js	1491346255935	1491346256069	OK	 
REQUEST	LoadLanding	53		request_0	1491346256048	1491346256075	OK	 
REQUEST	LoadLanding	11		request_4	1491346256048	1491346256082	OK	 
REQUEST	LoadLanding	31		request_4	1491346256058	1491346256095	OK	 
REQUEST	LoadLanding	53		request_1	1491346256077	1491346256095	OK	 
REQUEST	LoadLanding	53		request_2	1491346256077	1491346256096	OK	 
REQUEST	LoadLanding	1		request_4	1491346256092	1491346256097	OK	 
REQUEST	LoadLanding	11		request_5	1491346256084	1491346256097	OK	 
REQUEST	LoadLanding	31		request_5	1491346256097	1491346256101	OK	 
REQUEST	LoadLanding	53		request_3	1491346256077	1491346256102	OK	 
REQUEST	LoadLanding	1		request_5	1491346256098	1491346256102	OK	 
REQUEST	LoadLanding	52		bootstrap.min.js	1491346255935	1491346256117	OK	 
REQUEST	LoadLanding	13		request_4	1491346256127	1491346256130	OK	 
REQUEST	LoadLanding	13		request_5	1491346256132	1491346256135	OK	 
REQUEST	LoadLanding	52		jquery-latest.min.js	1491346255934	1491346256180	OK	 
REQUEST	LoadLanding	52		Chart.js	1491346255935	1491346256183	OK	 
REQUEST	LoadLanding	52		tether.min.js	1491346255934	1491346256183	OK	 
REQUEST	LoadLanding	52		jquery.min.js	1491346255933	1491346256187	OK	 
REQUEST	LoadLanding	31		tether.min.js	1491346256098	1491346256188	OK	 
USER	LoadLanding	54	START	1491346256190	1491346256190
REQUEST	LoadLanding	34		request_4	1491346256179	1491346256197	OK	 
REQUEST	LoadLanding	54		request_0	1491346256191	1491346256200	OK	 
REQUEST	LoadLanding	13		tether.min.js	1491346256132	1491346256203	OK	 
REQUEST	LoadLanding	34		request_5	1491346256201	1491346256210	OK	 
REQUEST	LoadLanding	11		tether.min.js	1491346256084	1491346256212	OK	 
REQUEST	LoadLanding	54		request_1	1491346256203	1491346256213	OK	 
REQUEST	LoadLanding	1		tether.min.js	1491346256099	1491346256219	OK	 
REQUEST	LoadLanding	52		bootstrap.min.css	1491346255935	1491346256223	OK	 
REQUEST	LoadLanding	54		request_2	1491346256204	1491346256232	OK	 
REQUEST	LoadLanding	54		request_3	1491346256204	1491346256233	OK	 
REQUEST	LoadLanding	34		tether.min.js	1491346256201	1491346256244	OK	 
REQUEST	LoadLanding	53		tether.min.js	1491346256077	1491346256263	OK	 
REQUEST	LoadLanding	53		jquery-latest.min.js	1491346256077	1491346256287	OK	 
REQUEST	LoadLanding	35		request_4	1491346256289	1491346256292	OK	 
REQUEST	LoadLanding	35		request_5	1491346256294	1491346256297	OK	 
REQUEST	LoadLanding	54		tether.min.js	1491346256205	1491346256297	OK	 
USER	LoadLanding	55	START	1491346256319	1491346256319
REQUEST	LoadLanding	55		request_0	1491346256319	1491346256323	OK	 
REQUEST	LoadLanding	55		request_1	1491346256325	1491346256329	OK	 
REQUEST	LoadLanding	55		request_3	1491346256325	1491346256329	OK	 
REQUEST	LoadLanding	55		request_2	1491346256325	1491346256329	OK	 
REQUEST	LoadLanding	54		jquery-latest.min.js	1491346256204	1491346256334	OK	 
REQUEST	LoadLanding	54		Chart.min.js	1491346256205	1491346256335	OK	 
REQUEST	LoadLanding	35		tether.min.js	1491346256294	1491346256335	OK	 
REQUEST	LoadLanding	53		jquery.min.js	1491346256076	1491346256348	OK	 
REQUEST	LoadLanding	53		Chart.min.js	1491346256078	1491346256358	OK	 
REQUEST	LoadLanding	53		bootstrap.min.js	1491346256078	1491346256370	OK	 
REQUEST	LoadLanding	54		Chart.js	1491346256205	1491346256393	OK	 
REQUEST	LoadLanding	53		Chart.js	1491346256078	1491346256407	OK	 
REQUEST	LoadLanding	54		bootstrap.min.js	1491346256206	1491346256420	OK	 
REQUEST	LoadLanding	53		bootstrap.min.css	1491346256078	1491346256421	OK	 
REQUEST	LoadLanding	36		request_4	1491346256421	1491346256423	OK	 
REQUEST	LoadLanding	36		request_5	1491346256425	1491346256427	OK	 
USER	LoadLanding	56	START	1491346256440	1491346256440
REQUEST	LoadLanding	56		request_0	1491346256441	1491346256444	OK	 
REQUEST	LoadLanding	56		request_2	1491346256446	1491346256451	OK	 
REQUEST	LoadLanding	56		request_1	1491346256446	1491346256452	OK	 
REQUEST	LoadLanding	56		request_3	1491346256446	1491346256453	OK	 
REQUEST	LoadLanding	36		tether.min.js	1491346256425	1491346256463	OK	 
REQUEST	LoadLanding	55		jquery-latest.min.js	1491346256326	1491346256469	OK	 
REQUEST	LoadLanding	54		jquery.min.js	1491346256203	1491346256470	OK	 
REQUEST	LoadLanding	37		request_4	1491346256471	1491346256474	OK	 
REQUEST	LoadLanding	37		request_5	1491346256476	1491346256480	OK	 
REQUEST	LoadLanding	55		bootstrap.min.js	1491346256326	1491346256482	OK	 
REQUEST	LoadLanding	3		request_4	1491346256481	1491346256484	OK	 
REQUEST	LoadLanding	55		Chart.js	1491346256326	1491346256488	OK	 
REQUEST	LoadLanding	3		request_5	1491346256486	1491346256489	OK	 
REQUEST	LoadLanding	12		request_4	1491346256501	1491346256504	OK	 
REQUEST	LoadLanding	37		tether.min.js	1491346256476	1491346256508	OK	 
REQUEST	LoadLanding	12		request_5	1491346256506	1491346256509	OK	 
REQUEST	LoadLanding	3		tether.min.js	1491346256487	1491346256512	OK	 
REQUEST	LoadLanding	2		request_4	1491346256521	1491346256524	OK	 
REQUEST	LoadLanding	2		request_5	1491346256525	1491346256528	OK	 
REQUEST	LoadLanding	56		tether.min.js	1491346256446	1491346256529	OK	 
REQUEST	LoadLanding	12		tether.min.js	1491346256506	1491346256533	OK	 
REQUEST	LoadLanding	8		request_4	1491346256536	1491346256539	OK	 
REQUEST	LoadLanding	38		request_4	1491346256536	1491346256539	OK	 
REQUEST	LoadLanding	38		request_5	1491346256541	1491346256545	OK	 
REQUEST	LoadLanding	8		request_5	1491346256541	1491346256545	OK	 
REQUEST	LoadLanding	2		tether.min.js	1491346256526	1491346256554	OK	 
REQUEST	LoadLanding	55		bootstrap.min.css	1491346256326	1491346256564	OK	 
USER	LoadLanding	57	START	1491346256567	1491346256567
REQUEST	LoadLanding	57		request_0	1491346256567	1491346256570	OK	 
REQUEST	LoadLanding	38		tether.min.js	1491346256541	1491346256573	OK	 
REQUEST	LoadLanding	57		request_1	1491346256572	1491346256577	OK	 
REQUEST	LoadLanding	57		request_2	1491346256572	1491346256577	OK	 
REQUEST	LoadLanding	57		request_3	1491346256572	1491346256578	OK	 
REQUEST	LoadLanding	5		request_4	1491346256587	1491346256590	OK	 
REQUEST	LoadLanding	56		Chart.min.js	1491346256447	1491346256596	OK	 
REQUEST	LoadLanding	56		Chart.js	1491346256447	1491346256598	OK	 
REQUEST	LoadLanding	56		jquery.min.js	1491346256445	1491346256599	OK	 
REQUEST	LoadLanding	5		request_5	1491346256592	1491346256600	OK	 
REQUEST	LoadLanding	9		request_4	1491346256598	1491346256600	OK	 
REQUEST	LoadLanding	56		bootstrap.min.js	1491346256447	1491346256601	OK	 
REQUEST	LoadLanding	9		request_5	1491346256602	1491346256605	OK	 
REQUEST	LoadLanding	56		jquery-latest.min.js	1491346256446	1491346256609	OK	 
REQUEST	LoadLanding	56		bootstrap.min.css	1491346256447	1491346256631	OK	 
REQUEST	LoadLanding	5		tether.min.js	1491346256592	1491346256632	OK	 
REQUEST	LoadLanding	57		tether.min.js	1491346256573	1491346256655	OK	 
REQUEST	LoadLanding	9		tether.min.js	1491346256602	1491346256677	OK	 
USER	LoadLanding	58	START	1491346256689	1491346256689
REQUEST	LoadLanding	58		request_0	1491346256689	1491346256692	OK	 
REQUEST	LoadLanding	58		request_1	1491346256694	1491346256698	OK	 
REQUEST	LoadLanding	58		request_2	1491346256694	1491346256699	OK	 
REQUEST	LoadLanding	58		request_3	1491346256694	1491346256702	OK	 
REQUEST	LoadLanding	7		request_4	1491346256699	1491346256704	OK	 
REQUEST	LoadLanding	7		request_5	1491346256705	1491346256711	OK	 
REQUEST	LoadLanding	39		request_4	1491346256709	1491346256712	OK	 
REQUEST	LoadLanding	57		Chart.min.js	1491346256573	1491346256714	OK	 
REQUEST	LoadLanding	54		bootstrap.min.css	1491346256206	1491346256717	OK	 
REQUEST	LoadLanding	39		request_5	1491346256714	1491346256718	OK	 
REQUEST	LoadLanding	57		Chart.js	1491346256573	1491346256720	OK	 
REQUEST	LoadLanding	7		tether.min.js	1491346256706	1491346256731	OK	 
REQUEST	LoadLanding	57		jquery-latest.min.js	1491346256573	1491346256738	OK	 
REQUEST	LoadLanding	40		request_4	1491346256739	1491346256742	OK	 
REQUEST	LoadLanding	57		bootstrap.min.js	1491346256574	1491346256744	OK	 
REQUEST	LoadLanding	40		request_5	1491346256743	1491346256746	OK	 
REQUEST	LoadLanding	57		jquery.min.js	1491346256572	1491346256754	OK	 
REQUEST	LoadLanding	39		tether.min.js	1491346256715	1491346256764	OK	 
REQUEST	LoadLanding	57		bootstrap.min.css	1491346256573	1491346256774	OK	 
REQUEST	LoadLanding	40		tether.min.js	1491346256744	1491346256777	OK	 
REQUEST	LoadLanding	8		tether.min.js	1491346256541	1491346256777	OK	 
REQUEST	LoadLanding	58		tether.min.js	1491346256695	1491346256789	OK	 
REQUEST	LoadLanding	55		jquery.min.js	1491346256325	1491346256797	OK	 
USER	LoadLanding	59	START	1491346256819	1491346256819
REQUEST	LoadLanding	59		request_0	1491346256819	1491346256823	OK	 
REQUEST	LoadLanding	59		request_1	1491346256824	1491346256828	OK	 
REQUEST	LoadLanding	59		request_2	1491346256824	1491346256828	OK	 
REQUEST	LoadLanding	59		request_3	1491346256825	1491346256829	OK	 
REQUEST	LoadLanding	16		request_4	1491346256830	1491346256832	OK	 
REQUEST	LoadLanding	16		request_5	1491346256834	1491346256836	OK	 
REQUEST	LoadLanding	58		Chart.min.js	1491346256695	1491346256844	OK	 
REQUEST	LoadLanding	58		jquery-latest.min.js	1491346256694	1491346256867	OK	 
REQUEST	LoadLanding	58		jquery.min.js	1491346256693	1491346256869	OK	 
REQUEST	LoadLanding	17		request_4	1491346256870	1491346256874	OK	 
REQUEST	LoadLanding	41		request_4	1491346256870	1491346256874	OK	 
REQUEST	LoadLanding	17		request_5	1491346256876	1491346256880	OK	 
REQUEST	LoadLanding	41		request_5	1491346256877	1491346256881	OK	 
REQUEST	LoadLanding	14		request_4	1491346256881	1491346256885	OK	 
REQUEST	LoadLanding	14		request_5	1491346256887	1491346256890	OK	 
REQUEST	LoadLanding	58		bootstrap.min.js	1491346256696	1491346256893	OK	 
REQUEST	LoadLanding	16		tether.min.js	1491346256834	1491346256897	OK	 
REQUEST	LoadLanding	58		Chart.js	1491346256695	1491346256901	OK	 
REQUEST	LoadLanding	41		tether.min.js	1491346256877	1491346256905	OK	 
REQUEST	LoadLanding	17		tether.min.js	1491346256877	1491346256911	OK	 
REQUEST	LoadLanding	14		tether.min.js	1491346256887	1491346256917	OK	 
USER	LoadLanding	60	START	1491346256936	1491346256936
REQUEST	LoadLanding	60		request_0	1491346256936	1491346256940	OK	 
REQUEST	LoadLanding	60		request_1	1491346256941	1491346256950	OK	 
REQUEST	LoadLanding	60		request_3	1491346256942	1491346256950	OK	 
REQUEST	LoadLanding	60		request_2	1491346256942	1491346256953	OK	 
REQUEST	LoadLanding	59		Chart.min.js	1491346256826	1491346256957	OK	 
REQUEST	LoadLanding	58		bootstrap.min.css	1491346256695	1491346256972	OK	 
REQUEST	LoadLanding	59		tether.min.js	1491346256825	1491346256973	OK	 
REQUEST	LoadLanding	59		jquery.min.js	1491346256824	1491346256986	OK	 
REQUEST	LoadLanding	59		jquery-latest.min.js	1491346256825	1491346256990	OK	 
REQUEST	LoadLanding	59		Chart.js	1491346256826	1491346257006	OK	 
REQUEST	LoadLanding	42		request_4	1491346257027	1491346257030	OK	 
REQUEST	LoadLanding	59		bootstrap.min.js	1491346256826	1491346257034	OK	 
REQUEST	LoadLanding	42		request_5	1491346257032	1491346257035	OK	 
REQUEST	LoadLanding	60		tether.min.js	1491346256942	1491346257036	OK	 
REQUEST	LoadLanding	25		request_6	1491346257037	1491346257040	OK	 
REQUEST	LoadLanding	25		request_7	1491346257043	1491346257045	OK	 
REQUEST	LoadLanding	59		bootstrap.min.css	1491346256826	1491346257052	OK	 
USER	LoadLanding	25	END	1491346252679	1491346257054
REQUEST	LoadLanding	42		tether.min.js	1491346257032	1491346257070	OK	 
REQUEST	LoadLanding	43		request_4	1491346257071	1491346257075	OK	 
REQUEST	LoadLanding	43		request_5	1491346257077	1491346257080	OK	 
REQUEST	LoadLanding	60		Chart.min.js	1491346256943	1491346257110	OK	 
REQUEST	LoadLanding	60		Chart.js	1491346256943	1491346257118	OK	 
REQUEST	LoadLanding	60		jquery-latest.min.js	1491346256942	1491346257122	OK	 
REQUEST	LoadLanding	60		bootstrap.min.js	1491346256943	1491346257165	OK	 
REQUEST	LoadLanding	60		jquery.min.js	1491346256941	1491346257166	OK	 
REQUEST	LoadLanding	43		tether.min.js	1491346257077	1491346257167	OK	 
REQUEST	LoadLanding	60		bootstrap.min.css	1491346256943	1491346257169	OK	 
REQUEST	LoadLanding	24		request_6	1491346257186	1491346257189	OK	 
REQUEST	LoadLanding	24		request_7	1491346257190	1491346257193	OK	 
USER	LoadLanding	24	END	1491346252549	1491346257193
REQUEST	LoadLanding	21		request_6	1491346257218	1491346257220	OK	 
REQUEST	LoadLanding	21		request_7	1491346257222	1491346257224	OK	 
USER	LoadLanding	21	END	1491346252179	1491346257225
REQUEST	LoadLanding	6		request_6	1491346257227	1491346257230	OK	 
REQUEST	LoadLanding	6		request_7	1491346257231	1491346257234	OK	 
USER	LoadLanding	6	END	1491346251065	1491346257235
REQUEST	LoadLanding	23		request_6	1491346257300	1491346257307	OK	 
REQUEST	LoadLanding	23		request_7	1491346257311	1491346257318	OK	 
USER	LoadLanding	23	END	1491346252427	1491346257319
REQUEST	LoadLanding	19		request_4	1491346257346	1491346257354	OK	 
REQUEST	LoadLanding	19		request_5	1491346257357	1491346257365	OK	 
REQUEST	LoadLanding	19		tether.min.js	1491346257358	1491346257401	OK	 
REQUEST	LoadLanding	44		request_4	1491346257397	1491346257402	OK	 
REQUEST	LoadLanding	55		tether.min.js	1491346256326	1491346257404	OK	 
REQUEST	LoadLanding	44		request_5	1491346257404	1491346257409	OK	 
REQUEST	LoadLanding	27		request_6	1491346257438	1491346257443	OK	 
REQUEST	LoadLanding	44		tether.min.js	1491346257404	1491346257455	OK	 
REQUEST	LoadLanding	27		request_7	1491346257445	1491346257460	OK	 
USER	LoadLanding	27	END	1491346252932	1491346257461
REQUEST	LoadLanding	45		request_4	1491346257448	1491346257464	OK	 
REQUEST	LoadLanding	55		Chart.min.js	1491346256326	1491346257465	OK	 
REQUEST	LoadLanding	45		request_5	1491346257466	1491346257469	OK	 
REQUEST	LoadLanding	45		tether.min.js	1491346257466	1491346257494	OK	 
REQUEST	LoadLanding	26		request_6	1491346257541	1491346257544	OK	 
REQUEST	LoadLanding	28		request_6	1491346257541	1491346257544	OK	 
REQUEST	LoadLanding	46		request_4	1491346257541	1491346257545	OK	 
REQUEST	LoadLanding	26		request_7	1491346257546	1491346257549	OK	 
REQUEST	LoadLanding	28		request_7	1491346257546	1491346257549	OK	 
REQUEST	LoadLanding	46		request_5	1491346257547	1491346257549	OK	 
USER	LoadLanding	28	END	1491346253048	1491346257550
USER	LoadLanding	26	END	1491346252799	1491346257551
REQUEST	LoadLanding	46		tether.min.js	1491346257547	1491346257577	OK	 
REQUEST	LoadLanding	47		request_4	1491346257587	1491346257590	OK	 
REQUEST	LoadLanding	47		request_5	1491346257591	1491346257594	OK	 
REQUEST	LoadLanding	47		tether.min.js	1491346257591	1491346257628	OK	 
REQUEST	LoadLanding	48		request_4	1491346257700	1491346257705	OK	 
REQUEST	LoadLanding	48		request_5	1491346257707	1491346257713	OK	 
REQUEST	LoadLanding	29		request_6	1491346257710	1491346257716	OK	 
REQUEST	LoadLanding	29		request_7	1491346257718	1491346257723	OK	 
USER	LoadLanding	29	END	1491346253199	1491346257725
REQUEST	LoadLanding	4		request_6	1491346257740	1491346257743	OK	 
REQUEST	LoadLanding	4		request_7	1491346257745	1491346257748	OK	 
USER	LoadLanding	4	END	1491346251065	1491346257749
REQUEST	LoadLanding	30		request_6	1491346257751	1491346257754	OK	 
REQUEST	LoadLanding	30		request_7	1491346257755	1491346257758	OK	 
USER	LoadLanding	30	END	1491346253330	1491346257759
REQUEST	LoadLanding	48		tether.min.js	1491346257708	1491346257794	OK	 
REQUEST	LoadLanding	49		request_4	1491346257811	1491346257814	OK	 
REQUEST	LoadLanding	49		request_5	1491346257815	1491346257818	OK	 
REQUEST	LoadLanding	49		tether.min.js	1491346257816	1491346257849	OK	 
REQUEST	LoadLanding	20		request_6	1491346257857	1491346257859	OK	 
REQUEST	LoadLanding	20		request_7	1491346257860	1491346257863	OK	 
USER	LoadLanding	20	END	1491346252081	1491346257864
REQUEST	LoadLanding	18		request_6	1491346257867	1491346257869	OK	 
REQUEST	LoadLanding	18		request_7	1491346257871	1491346257873	OK	 
USER	LoadLanding	18	END	1491346251868	1491346257874
REQUEST	LoadLanding	32		request_6	1491346257907	1491346257910	OK	 
REQUEST	LoadLanding	32		request_7	1491346257911	1491346257914	OK	 
USER	LoadLanding	32	END	1491346253579	1491346257915
REQUEST	LoadLanding	50		request_4	1491346257928	1491346257930	OK	 
REQUEST	LoadLanding	50		request_5	1491346257932	1491346257935	OK	 
REQUEST	LoadLanding	50		tether.min.js	1491346257932	1491346257962	OK	 
REQUEST	LoadLanding	33		request_6	1491346258021	1491346258025	OK	 
REQUEST	LoadLanding	33		request_7	1491346258027	1491346258031	OK	 
USER	LoadLanding	33	END	1491346253700	1491346258032
REQUEST	LoadLanding	51		request_4	1491346258032	1491346258037	OK	 
REQUEST	LoadLanding	51		request_5	1491346258038	1491346258042	OK	 
REQUEST	LoadLanding	22		request_6	1491346258047	1491346258051	OK	 
REQUEST	LoadLanding	22		request_7	1491346258053	1491346258058	OK	 
USER	LoadLanding	22	END	1491346252377	1491346258059
REQUEST	LoadLanding	15		request_4	1491346258067	1491346258070	OK	 
REQUEST	LoadLanding	15		request_5	1491346258072	1491346258075	OK	 
REQUEST	LoadLanding	10		request_6	1491346258077	1491346258081	OK	 
REQUEST	LoadLanding	51		tether.min.js	1491346258039	1491346258081	OK	 
REQUEST	LoadLanding	10		request_7	1491346258082	1491346258085	OK	 
USER	LoadLanding	10	END	1491346251064	1491346258086
REQUEST	LoadLanding	15		tether.min.js	1491346258072	1491346258119	OK	 
REQUEST	LoadLanding	31		request_6	1491346258190	1491346258197	OK	 
REQUEST	LoadLanding	31		request_7	1491346258200	1491346258207	OK	 
USER	LoadLanding	31	END	1491346253446	1491346258209
REQUEST	LoadLanding	13		request_6	1491346258221	1491346258227	OK	 
REQUEST	LoadLanding	13		request_7	1491346258230	1491346258238	OK	 
REQUEST	LoadLanding	11		request_6	1491346258231	1491346258238	OK	 
USER	LoadLanding	13	END	1491346251378	1491346258240
REQUEST	LoadLanding	52		request_4	1491346258241	1491346258246	OK	 
REQUEST	LoadLanding	1		request_6	1491346258242	1491346258247	OK	 
REQUEST	LoadLanding	11		request_7	1491346258241	1491346258250	OK	 
USER	LoadLanding	11	END	1491346251069	1491346258251
REQUEST	LoadLanding	52		request_5	1491346258248	1491346258254	OK	 
REQUEST	LoadLanding	1		request_7	1491346258249	1491346258255	OK	 
USER	LoadLanding	1	END	1491346251064	1491346258256
REQUEST	LoadLanding	34		request_6	1491346258252	1491346258257	OK	 
REQUEST	LoadLanding	34		request_7	1491346258258	1491346258262	OK	 
USER	LoadLanding	34	END	1491346253826	1491346258263
REQUEST	LoadLanding	52		tether.min.js	1491346258248	1491346258281	OK	 
REQUEST	LoadLanding	35		request_6	1491346258338	1491346258341	OK	 
REQUEST	LoadLanding	35		request_7	1491346258342	1491346258345	OK	 
USER	LoadLanding	35	END	1491346253951	1491346258346
REQUEST	LoadLanding	53		request_4	1491346258437	1491346258453	OK	 
REQUEST	LoadLanding	53		request_5	1491346258455	1491346258460	OK	 
REQUEST	LoadLanding	36		request_6	1491346258457	1491346258464	OK	 
REQUEST	LoadLanding	36		request_7	1491346258466	1491346258469	OK	 
USER	LoadLanding	36	END	1491346254081	1491346258470
REQUEST	LoadLanding	53		tether.min.js	1491346258455	1491346258493	OK	 
REQUEST	LoadLanding	37		request_6	1491346258498	1491346258500	OK	 
REQUEST	LoadLanding	37		request_7	1491346258502	1491346258504	OK	 
USER	LoadLanding	37	END	1491346254182	1491346258505
REQUEST	LoadLanding	3		request_6	1491346258519	1491346258522	OK	 
REQUEST	LoadLanding	12		request_6	1491346258519	1491346258522	OK	 
REQUEST	LoadLanding	3		request_7	1491346258523	1491346258526	OK	 
REQUEST	LoadLanding	12		request_7	1491346258523	1491346258526	OK	 
USER	LoadLanding	3	END	1491346251065	1491346258527
USER	LoadLanding	12	END	1491346251281	1491346258528
REQUEST	LoadLanding	2		request_6	1491346258550	1491346258553	OK	 
REQUEST	LoadLanding	2		request_7	1491346258554	1491346258556	OK	 
USER	LoadLanding	2	END	1491346251065	1491346258557
REQUEST	LoadLanding	38		request_6	1491346258586	1491346258589	OK	 
REQUEST	LoadLanding	38		request_7	1491346258590	1491346258593	OK	 
USER	LoadLanding	38	END	1491346254291	1491346258594
REQUEST	LoadLanding	56		request_4	1491346258649	1491346258652	OK	 
REQUEST	LoadLanding	5		request_6	1491346258649	1491346258652	OK	 
REQUEST	LoadLanding	5		request_7	1491346258653	1491346258655	OK	 
REQUEST	LoadLanding	56		request_5	1491346258653	1491346258655	OK	 
USER	LoadLanding	5	END	1491346251065	1491346258656
REQUEST	LoadLanding	56		tether.min.js	1491346258653	1491346258680	OK	 
REQUEST	LoadLanding	9		request_6	1491346258680	1491346258683	OK	 
REQUEST	LoadLanding	9		request_7	1491346258684	1491346258687	OK	 
USER	LoadLanding	9	END	1491346251064	1491346258687
REQUEST	LoadLanding	54		request_4	1491346258731	1491346258736	OK	 
REQUEST	LoadLanding	54		request_5	1491346258738	1491346258743	OK	 
REQUEST	LoadLanding	7		request_6	1491346258742	1491346258747	OK	 
REQUEST	LoadLanding	7		request_7	1491346258749	1491346258754	OK	 
USER	LoadLanding	7	END	1491346251065	1491346258755
REQUEST	LoadLanding	54		tether.min.js	1491346258738	1491346258761	OK	 
REQUEST	LoadLanding	39		request_6	1491346258769	1491346258772	OK	 
REQUEST	LoadLanding	39		request_7	1491346258774	1491346258781	OK	 
USER	LoadLanding	39	END	1491346254397	1491346258781
REQUEST	LoadLanding	40		request_6	1491346258779	1491346258785	OK	 
REQUEST	LoadLanding	8		request_6	1491346258779	1491346258788	OK	 
REQUEST	LoadLanding	40		request_7	1491346258787	1491346258791	OK	 
USER	LoadLanding	40	END	1491346254509	1491346258792
REQUEST	LoadLanding	57		request_4	1491346258789	1491346258793	OK	 
REQUEST	LoadLanding	8		request_7	1491346258789	1491346258796	OK	 
USER	LoadLanding	8	END	1491346251064	1491346258797
REQUEST	LoadLanding	57		request_5	1491346258795	1491346258799	OK	 
REQUEST	LoadLanding	57		tether.min.js	1491346258795	1491346258833	OK	 
REQUEST	LoadLanding	16		request_6	1491346258898	1491346258902	OK	 
REQUEST	LoadLanding	16		request_7	1491346258904	1491346258909	OK	 
USER	LoadLanding	16	END	1491346251686	1491346258911
REQUEST	LoadLanding	17		request_6	1491346258908	1491346258915	OK	 
REQUEST	LoadLanding	41		request_6	1491346258908	1491346258916	OK	 
REQUEST	LoadLanding	17		request_7	1491346258918	1491346258924	OK	 
REQUEST	LoadLanding	14		request_6	1491346258918	1491346258924	OK	 
USER	LoadLanding	17	END	1491346251728	1491346258925
REQUEST	LoadLanding	41		request_7	1491346258918	1491346258929	OK	 
USER	LoadLanding	41	END	1491346254620	1491346258930
REQUEST	LoadLanding	14		request_7	1491346258926	1491346258933	OK	 
USER	LoadLanding	14	END	1491346251409	1491346258934
REQUEST	LoadLanding	58		request_4	1491346258979	1491346258982	OK	 
REQUEST	LoadLanding	58		request_5	1491346258983	1491346258986	OK	 
REQUEST	LoadLanding	58		tether.min.js	1491346258983	1491346259022	OK	 
REQUEST	LoadLanding	59		request_4	1491346259067	1491346259070	OK	 
REQUEST	LoadLanding	59		request_5	1491346259071	1491346259073	OK	 
REQUEST	LoadLanding	42		request_6	1491346259077	1491346259079	OK	 
REQUEST	LoadLanding	42		request_7	1491346259081	1491346259083	OK	 
USER	LoadLanding	42	END	1491346254734	1491346259084
REQUEST	LoadLanding	59		tether.min.js	1491346259071	1491346259137	OK	 
REQUEST	LoadLanding	43		request_6	1491346259168	1491346259173	OK	 
REQUEST	LoadLanding	60		request_4	1491346259179	1491346259190	OK	 
REQUEST	LoadLanding	43		request_7	1491346259176	1491346259194	OK	 
USER	LoadLanding	43	END	1491346254839	1491346259196
REQUEST	LoadLanding	60		request_5	1491346259193	1491346259202	OK	 
REQUEST	LoadLanding	60		tether.min.js	1491346259193	1491346259226	OK	 
REQUEST	LoadLanding	19		request_6	1491346259409	1491346259416	OK	 
REQUEST	LoadLanding	19		request_7	1491346259419	1491346259425	OK	 
USER	LoadLanding	19	END	1491346251994	1491346259427
REQUEST	LoadLanding	44		request_6	1491346259459	1491346259465	OK	 
REQUEST	LoadLanding	44		request_7	1491346259467	1491346259476	OK	 
USER	LoadLanding	44	END	1491346254949	1491346259476
REQUEST	LoadLanding	55		request_4	1491346259479	1491346259482	OK	 
REQUEST	LoadLanding	55		request_5	1491346259483	1491346259486	OK	 
REQUEST	LoadLanding	45		request_6	1491346259499	1491346259502	OK	 
REQUEST	LoadLanding	45		request_7	1491346259503	1491346259506	OK	 
USER	LoadLanding	45	END	1491346255062	1491346259507
REQUEST	LoadLanding	46		request_6	1491346259581	1491346259586	OK	 
REQUEST	LoadLanding	46		request_7	1491346259588	1491346259593	OK	 
USER	LoadLanding	46	END	1491346255181	1491346259594
REQUEST	LoadLanding	55		tether.min.js	1491346259484	1491346259614	OK	 
REQUEST	LoadLanding	47		request_6	1491346259648	1491346259653	OK	 
REQUEST	LoadLanding	47		request_7	1491346259655	1491346259660	OK	 
USER	LoadLanding	47	END	1491346255297	1491346259661
REQUEST	LoadLanding	48		request_6	1491346259798	1491346259805	OK	 
REQUEST	LoadLanding	48		request_7	1491346259807	1491346259812	OK	 
USER	LoadLanding	48	END	1491346255429	1491346259813
REQUEST	LoadLanding	49		request_6	1491346259859	1491346259862	OK	 
REQUEST	LoadLanding	49		request_7	1491346259863	1491346259865	OK	 
USER	LoadLanding	49	END	1491346255549	1491346259866
REQUEST	LoadLanding	50		request_6	1491346259968	1491346259970	OK	 
REQUEST	LoadLanding	50		request_7	1491346259972	1491346259974	OK	 
USER	LoadLanding	50	END	1491346255676	1491346259975
REQUEST	LoadLanding	51		request_6	1491346260076	1491346260083	OK	 
REQUEST	LoadLanding	51		request_7	1491346260086	1491346260093	OK	 
USER	LoadLanding	51	END	1491346255801	1491346260094
REQUEST	LoadLanding	15		request_6	1491346260137	1491346260141	OK	 
REQUEST	LoadLanding	15		request_7	1491346260142	1491346260146	OK	 
USER	LoadLanding	15	END	1491346251686	1491346260146
REQUEST	LoadLanding	52		request_6	1491346260297	1491346260303	OK	 
REQUEST	LoadLanding	52		request_7	1491346260306	1491346260313	OK	 
USER	LoadLanding	52	END	1491346255927	1491346260315
REQUEST	LoadLanding	53		request_6	1491346260497	1491346260500	OK	 
REQUEST	LoadLanding	53		request_7	1491346260501	1491346260505	OK	 
USER	LoadLanding	53	END	1491346256048	1491346260506
REQUEST	LoadLanding	56		request_6	1491346260691	1491346260698	OK	 
REQUEST	LoadLanding	56		request_7	1491346260701	1491346260708	OK	 
USER	LoadLanding	56	END	1491346256440	1491346260709
REQUEST	LoadLanding	54		request_6	1491346260768	1491346260775	OK	 
REQUEST	LoadLanding	54		request_7	1491346260778	1491346260784	OK	 
USER	LoadLanding	54	END	1491346256190	1491346260786
REQUEST	LoadLanding	57		request_6	1491346260840	1491346260847	OK	 
REQUEST	LoadLanding	57		request_7	1491346260850	1491346260862	OK	 
USER	LoadLanding	57	END	1491346256567	1491346260866
REQUEST	LoadLanding	58		request_6	1491346261038	1491346261045	OK	 
REQUEST	LoadLanding	58		request_7	1491346261048	1491346261054	OK	 
USER	LoadLanding	58	END	1491346256689	1491346261056
REQUEST	LoadLanding	59		request_6	1491346261136	1491346261139	OK	 
REQUEST	LoadLanding	59		request_7	1491346261140	1491346261142	OK	 
USER	LoadLanding	59	END	1491346256819	1491346261143
REQUEST	LoadLanding	60		request_6	1491346261239	1491346261244	OK	 
REQUEST	LoadLanding	60		request_7	1491346261245	1491346261259	OK	 
USER	LoadLanding	60	END	1491346256936	1491346261260
REQUEST	LoadLanding	55		request_6	1491346261620	1491346261623	OK	 
REQUEST	LoadLanding	55		request_7	1491346261624	1491346261627	OK	 
USER	LoadLanding	55	END	1491346256319	1491346261628
